SF:D:\proj\Helpm8\src\libraries\Helpm8.Core\ChainedBuilderExtensions.cs
FN:16,Helpm8.IHelpBuilder Helpm8.ChainedBuilderExtensions::AddHelp(Helpm8.IHelpBuilder,Helpm8.IHelp)
FNDA:0,Helpm8.IHelpBuilder Helpm8.ChainedBuilderExtensions::AddHelp(Helpm8.IHelpBuilder,Helpm8.IHelp)
DA:17,0
FN:26,Helpm8.IHelpBuilder Helpm8.ChainedBuilderExtensions::AddHelp(Helpm8.IHelpBuilder,Helpm8.IHelp,System.Boolean)
FNDA:0,Helpm8.IHelpBuilder Helpm8.ChainedBuilderExtensions::AddHelp(Helpm8.IHelpBuilder,Helpm8.IHelp,System.Boolean)
DA:27,0
DA:28,0
DA:29,0
DA:31,0
DA:32,0
DA:33,0
DA:34,0
DA:35,0
DA:36,0
DA:37,0
BRDA:28,7,0,0
BRDA:28,7,1,0
BRDA:29,26,0,0
BRDA:29,26,1,0
LF:11
LH:0
BRF:4
BRH:0
FNF:2
FNH:0
end_of_record
SF:D:\proj\Helpm8\src\libraries\Helpm8.Core\ChainedHelpProvider.cs
FN:28,Helpm8.IHelp Helpm8.ChainedHelpProvider::get_Help()
FNDA:0,Helpm8.IHelp Helpm8.ChainedHelpProvider::get_Help()
DA:29,0
FN:37,System.Boolean Helpm8.ChainedHelpProvider::TryGet(System.String,System.String&)
FNDA:0,System.Boolean Helpm8.ChainedHelpProvider::TryGet(System.String,System.String&)
DA:38,0
DA:39,0
DA:40,0
DA:41,0
FN:47,System.Void Helpm8.ChainedHelpProvider::Set(System.String,System.String)
FNDA:0,System.Void Helpm8.ChainedHelpProvider::Set(System.String,System.String)
DA:48,0
FN:52,System.Void Helpm8.ChainedHelpProvider::Load()
FNDA:0,System.Void Helpm8.ChainedHelpProvider::Load()
DA:53,0
FN:65,System.Collections.Generic.IEnumerable`1<System.String> Helpm8.ChainedHelpProvider::GetChildKeys(System.Collections.Generic.IEnumerable`1<System.String>,System.String)
FNDA:0,System.Collections.Generic.IEnumerable`1<System.String> Helpm8.ChainedHelpProvider::GetChildKeys(System.Collections.Generic.IEnumerable`1<System.String>,System.String)
DA:66,0
DA:67,0
DA:68,0
DA:69,0
DA:70,0
DA:71,0
DA:72,0
DA:73,0
DA:74,0
DA:75,0
DA:76,0
BRDA:67,2,0,0
BRDA:67,2,1,0
BRDA:69,78,1,0
BRDA:69,78,0,0
FN:79,System.Void Helpm8.ChainedHelpProvider::Dispose()
FNDA:0,System.Void Helpm8.ChainedHelpProvider::Dispose()
DA:80,0
DA:81,0
DA:82,0
DA:83,0
DA:84,0
DA:85,0
BRDA:81,9,0,0
BRDA:83,24,0,0
BRDA:83,24,1,0
BRDA:81,9,1,0
FN:17,System.Void Helpm8.ChainedHelpProvider::.ctor(Helpm8.ChainedHelpSource)
FNDA:0,System.Void Helpm8.ChainedHelpProvider::.ctor(Helpm8.ChainedHelpSource)
DA:18,0
DA:19,0
DA:20,0
DA:22,0
DA:23,0
DA:24,0
BRDA:20,14,0,0
BRDA:20,14,1,0
BRDA:22,35,0,0
BRDA:22,35,1,0
LF:30
LH:0
BRF:12
BRH:0
FNF:7
FNH:0
end_of_record
SF:D:\proj\Helpm8\src\libraries\Helpm8.Core\ChainedHelpSource.cs
FN:13,Helpm8.IHelp Helpm8.ChainedHelpSource::get_Help()
FNDA:0,Helpm8.IHelp Helpm8.ChainedHelpSource::get_Help()
DA:14,0
FN:19,System.Boolean Helpm8.ChainedHelpSource::get_ShouldDisposeHelp()
FNDA:0,System.Boolean Helpm8.ChainedHelpSource::get_ShouldDisposeHelp()
DA:20,0
FN:27,Helpm8.IHelpProvider Helpm8.ChainedHelpSource::Build(Helpm8.IHelpBuilder)
FNDA:0,Helpm8.IHelpProvider Helpm8.ChainedHelpSource::Build(Helpm8.IHelpBuilder)
DA:28,0
LF:3
LH:0
BRF:0
BRH:0
FNF:3
FNH:0
end_of_record
SF:D:\proj\Helpm8\src\libraries\Helpm8.Core\HelpBuilder.cs
FN:8,Helpm8.IHelpBuilder Helpm8.HelpBuilder::Add(Helpm8.IHelpSource)
FNDA:1,Helpm8.IHelpBuilder Helpm8.HelpBuilder::Add(Helpm8.IHelpSource)
DA:9,1
DA:10,1
DA:12,1
DA:13,1
DA:14,1
BRDA:10,7,0,0
BRDA:10,7,1,1
FN:15,System.Collections.Generic.IList`1<Helpm8.IHelpSource> Helpm8.HelpBuilder::get_Sources()
FNDA:5,System.Collections.Generic.IList`1<Helpm8.IHelpSource> Helpm8.HelpBuilder::get_Sources()
DA:16,5
FN:18,Helpm8.IHelpRoot Helpm8.HelpBuilder::Build()
FNDA:1,Helpm8.IHelpRoot Helpm8.HelpBuilder::Build()
DA:19,1
DA:20,1
DA:21,5
DA:22,1
DA:23,1
DA:24,1
DA:25,1
DA:27,1
DA:28,0
BRDA:21,53,1,1
BRDA:21,53,0,1
LF:15
LH:14
BRF:4
BRH:3
FNF:3
FNH:3
end_of_record
SF:D:\proj\Helpm8\src\libraries\Helpm8.Core\HelpBuilderExtensions.cs
FN:13,Helpm8.IHelpBuilder Helpm8.HelpBuilderExtensions::Add(Helpm8.IHelpBuilder,System.Action`1<TSource>)
FNDA:1,Helpm8.IHelpBuilder Helpm8.HelpBuilderExtensions::Add(Helpm8.IHelpBuilder,System.Action`1<TSource>)
DA:14,1
DA:15,1
DA:16,1
DA:17,1
DA:18,1
BRDA:16,8,1,1
BRDA:16,8,0,1
LF:5
LH:5
BRF:2
BRH:2
FNF:1
FNH:1
end_of_record
SF:D:\proj\Helpm8\src\libraries\Helpm8.Core\HelpDebugViewContext.cs
FN:19,System.String Helpm8.HelpDebugViewContext::get_Path()
FNDA:0,System.String Helpm8.HelpDebugViewContext::get_Path()
DA:20,0
FN:24,System.String Helpm8.HelpDebugViewContext::get_Key()
FNDA:0,System.String Helpm8.HelpDebugViewContext::get_Key()
DA:25,0
FN:29,System.String Helpm8.HelpDebugViewContext::get_Value()
FNDA:0,System.String Helpm8.HelpDebugViewContext::get_Value()
DA:30,0
FN:34,Helpm8.IHelpProvider Helpm8.HelpDebugViewContext::get_HelpProvider()
FNDA:0,Helpm8.IHelpProvider Helpm8.HelpDebugViewContext::get_HelpProvider()
DA:35,0
FN:9,System.Void Helpm8.HelpDebugViewContext::.ctor(System.String,System.String,System.String,Helpm8.IHelpProvider)
FNDA:0,System.Void Helpm8.HelpDebugViewContext::.ctor(System.String,System.String,System.String,Helpm8.IHelpProvider)
DA:10,0
DA:11,0
DA:12,0
DA:13,0
DA:14,0
DA:15,0
LF:10
LH:0
BRF:0
BRH:0
FNF:5
FNH:0
end_of_record
SF:D:\proj\Helpm8\src\libraries\Helpm8.Core\HelpExtensions.cs
FN:13,System.Collections.Generic.IEnumerable`1<System.Collections.Generic.KeyValuePair`2<System.String,System.String>> Helpm8.HelpExtensions::AsEnumerable(Helpm8.IHelp)
FNDA:0,System.Collections.Generic.IEnumerable`1<System.Collections.Generic.KeyValuePair`2<System.String,System.String>> Helpm8.HelpExtensions::AsEnumerable(Helpm8.IHelp)
DA:14,0
FN:47,System.Boolean Helpm8.HelpExtensions::Exists(Helpm8.IHelpSection)
FNDA:0,System.Boolean Helpm8.HelpExtensions::Exists(Helpm8.IHelpSection)
DA:48,0
DA:49,0
DA:50,0
DA:51,0
DA:53,0
DA:54,0
BRDA:49,7,0,0
BRDA:49,7,1,0
BRDA:53,20,0,0
BRDA:53,20,1,0
FN:22,System.Boolean Helpm8.HelpExtensions/<AsEnumerable>d__1::MoveNext()
FNDA:0,System.Boolean Helpm8.HelpExtensions/<AsEnumerable>d__1::MoveNext()
DA:23,0
DA:24,0
DA:25,0
DA:26,0
DA:27,0
DA:28,0
DA:29,0
DA:31,0
DA:32,0
DA:33,0
DA:34,0
DA:35,0
DA:36,0
DA:37,0
DA:38,0
DA:39,0
DA:40,0
BRDA:26,71,0,0
BRDA:26,71,1,0
BRDA:26,96,0,0
BRDA:26,96,1,0
BRDA:27,412,1,0
BRDA:31,170,0,0
BRDA:31,178,0,0
BRDA:31,178,1,0
BRDA:31,170,1,0
BRDA:31,205,0,0
BRDA:31,205,1,0
BRDA:35,349,1,0
BRDA:35,349,0,0
BRDA:27,412,0,0
LF:24
LH:0
BRF:18
BRH:0
FNF:3
FNH:0
end_of_record
SF:D:\proj\Helpm8\src\libraries\Helpm8.Core\HelpKeyComparer.cs
FN:15,Helpm8.HelpKeyComparer Helpm8.HelpKeyComparer::get_Instance()
FNDA:2,Helpm8.HelpKeyComparer Helpm8.HelpKeyComparer::get_Instance()
DA:16,2
FN:18,System.Comparison`1<System.String> Helpm8.HelpKeyComparer::get_Comparison()
FNDA:110,System.Comparison`1<System.String> Helpm8.HelpKeyComparer::get_Comparison()
DA:19,110
FN:27,System.Int32 Helpm8.HelpKeyComparer::Compare(System.String,System.String)
FNDA:398,System.Int32 Helpm8.HelpKeyComparer::Compare(System.String,System.String)
DA:28,398
DA:29,398
DA:30,398
DA:32,398
DA:33,398
DA:36,607
DA:37,398
DA:38,398
DA:39,398
DA:41,398
DA:42,398
DA:43,398
DA:45,398
DA:46,189
DA:47,189
DA:50,209
DA:51,209
DA:52,209
DA:53,209
DA:54,209
DA:56,209
DA:96,398
BRDA:36,201,1,398
BRDA:41,55,0,0
BRDA:41,55,1,398
BRDA:41,71,0,0
BRDA:41,71,1,398
BRDA:45,101,0,189
BRDA:45,101,1,209
BRDA:50,112,0,0
BRDA:50,112,1,209
BRDA:52,144,0,0
BRDA:52,144,1,209
BRDA:36,182,0,398
BRDA:36,182,1,209
BRDA:36,201,0,209
BRDA:56,213,0,0
BRDA:56,213,1,209
BRDA:56,225,0,0
BRDA:56,225,1,209
FN:58,System.ReadOnlySpan`1<System.Char> Helpm8.HelpKeyComparer::<Compare>g__SkipAheadOnDelimiter|7_0(System.ReadOnlySpan`1<System.Char>)
FNDA:796,System.ReadOnlySpan`1<System.Char> Helpm8.HelpKeyComparer::<Compare>g__SkipAheadOnDelimiter|7_0(System.ReadOnlySpan`1<System.Char>)
DA:59,796
DA:60,796
DA:61,0
DA:62,0
DA:63,0
DA:64,796
DA:65,796
BRDA:60,42,1,0
BRDA:60,22,0,796
BRDA:60,22,1,0
BRDA:60,42,0,796
FN:67,System.Int32 Helpm8.HelpKeyComparer::<Compare>g__Compare|7_1(System.ReadOnlySpan`1<System.Char>,System.ReadOnlySpan`1<System.Char>)
FNDA:398,System.Int32 Helpm8.HelpKeyComparer::<Compare>g__Compare|7_1(System.ReadOnlySpan`1<System.Char>,System.ReadOnlySpan`1<System.Char>)
DA:68,398
DA:73,398
DA:74,398
DA:78,398
DA:79,339
DA:81,339
DA:82,339
DA:83,59
DA:84,59
DA:86,59
DA:87,59
DA:89,0
DA:91,0
DA:92,0
DA:94,398
DA:95,398
BRDA:78,44,0,339
BRDA:78,44,1,59
BRDA:78,57,0,339
BRDA:78,57,1,59
BRDA:83,80,0,59
BRDA:83,80,1,0
BRDA:91,93,0,0
BRDA:91,93,1,0
LF:47
LH:41
BRF:30
BRH:19
FNF:5
FNH:5
end_of_record
SF:D:\proj\Helpm8\src\libraries\Helpm8.Core\HelpManager.cs
FN:25,System.String Helpm8.HelpManager::get_Item(System.String)
FNDA:0,System.String Helpm8.HelpManager::get_Item(System.String)
DA:26,0
DA:27,0
DA:28,0
DA:29,0
FN:30,System.Void Helpm8.HelpManager::set_Item(System.String,System.String)
FNDA:0,System.Void Helpm8.HelpManager::set_Item(System.String,System.String)
DA:31,0
DA:32,0
DA:33,0
DA:34,0
FN:37,System.Collections.Generic.IList`1<Helpm8.IHelpSource> Helpm8.HelpManager::get_Sources()
FNDA:0,System.Collections.Generic.IList`1<Helpm8.IHelpSource> Helpm8.HelpManager::get_Sources()
DA:38,0
FN:39,System.Collections.Generic.IEnumerable`1<Helpm8.IHelpProvider> Helpm8.HelpManager::get_Providers()
FNDA:0,System.Collections.Generic.IEnumerable`1<Helpm8.IHelpProvider> Helpm8.HelpManager::get_Providers()
DA:40,0
FN:41,Helpm8.IHelpSection Helpm8.HelpManager::GetSection(System.String)
FNDA:0,Helpm8.IHelpSection Helpm8.HelpManager::GetSection(System.String)
DA:42,0
FN:43,System.Collections.Generic.IEnumerable`1<Helpm8.IHelpSection> Helpm8.HelpManager::GetChildren()
FNDA:0,System.Collections.Generic.IEnumerable`1<Helpm8.IHelpSection> Helpm8.HelpManager::GetChildren()
DA:44,0
FN:46,System.Void Helpm8.HelpManager::Dispose()
FNDA:0,System.Void Helpm8.HelpManager::Dispose()
DA:47,0
DA:48,0
DA:49,0
FN:51,Helpm8.IHelpBuilder Helpm8.HelpManager::Helpm8.IHelpBuilder.Add(Helpm8.IHelpSource)
FNDA:0,Helpm8.IHelpBuilder Helpm8.HelpManager::Helpm8.IHelpBuilder.Add(Helpm8.IHelpSource)
DA:52,0
DA:53,0
DA:55,0
DA:56,0
DA:57,0
BRDA:53,7,0,0
BRDA:53,7,1,0
FN:58,Helpm8.IHelpRoot Helpm8.HelpManager::Helpm8.IHelpBuilder.Build()
FNDA:0,Helpm8.IHelpRoot Helpm8.HelpManager::Helpm8.IHelpBuilder.Build()
DA:59,0
FN:61,System.Void Helpm8.HelpManager::Helpm8.IHelpRoot.Load()
FNDA:0,System.Void Helpm8.HelpManager::Helpm8.IHelpRoot.Load()
DA:62,0
DA:63,0
DA:64,0
DA:65,0
DA:66,0
DA:67,0
DA:68,0
BRDA:64,52,1,0
BRDA:64,52,0,0
FN:69,Helpm8.ReferenceCountedProviders Helpm8.HelpManager::GetProvidersReference()
FNDA:0,Helpm8.ReferenceCountedProviders Helpm8.HelpManager::GetProvidersReference()
DA:70,0
FN:73,System.Void Helpm8.HelpManager::AddSource(Helpm8.IHelpSource)
FNDA:0,System.Void Helpm8.HelpManager::AddSource(Helpm8.IHelpSource)
DA:74,0
DA:75,0
DA:77,0
DA:78,0
DA:79,0
FN:82,System.Void Helpm8.HelpManager::ReloadSources()
FNDA:0,System.Void Helpm8.HelpManager::ReloadSources()
DA:83,0
DA:84,0
DA:86,0
DA:87,0
DA:88,0
DA:89,0
DA:91,0
DA:92,0
DA:93,0
DA:94,0
DA:96,0
DA:97,0
BRDA:86,51,1,0
BRDA:86,51,0,0
BRDA:91,102,1,0
BRDA:91,102,0,0
FN:10,System.Void Helpm8.HelpManager::.ctor()
FNDA:0,System.Void Helpm8.HelpManager::.ctor()
DA:11,0
DA:13,0
DA:14,0
DA:15,0
DA:16,0
DA:17,0
DA:18,0
DA:19,0
DA:20,0
FN:108,System.Int32 Helpm8.HelpManager/HelpSources::get_Count()
FNDA:0,System.Int32 Helpm8.HelpManager/HelpSources::get_Count()
DA:109,0
FN:110,System.Boolean Helpm8.HelpManager/HelpSources::get_IsReadOnly()
FNDA:0,System.Boolean Helpm8.HelpManager/HelpSources::get_IsReadOnly()
DA:111,0
FN:114,Helpm8.IHelpSource Helpm8.HelpManager/HelpSources::get_Item(System.Int32)
FNDA:0,Helpm8.IHelpSource Helpm8.HelpManager/HelpSources::get_Item(System.Int32)
DA:115,0
FN:116,System.Void Helpm8.HelpManager/HelpSources::set_Item(System.Int32,Helpm8.IHelpSource)
FNDA:0,System.Void Helpm8.HelpManager/HelpSources::set_Item(System.Int32,Helpm8.IHelpSource)
DA:117,0
DA:118,0
DA:119,0
DA:120,0
FN:123,System.Collections.Generic.IEnumerator`1<Helpm8.IHelpSource> Helpm8.HelpManager/HelpSources::GetEnumerator()
FNDA:0,System.Collections.Generic.IEnumerator`1<Helpm8.IHelpSource> Helpm8.HelpManager/HelpSources::GetEnumerator()
DA:124,0
DA:125,0
DA:126,0
FN:128,System.Int32 Helpm8.HelpManager/HelpSources::IndexOf(Helpm8.IHelpSource)
FNDA:0,System.Int32 Helpm8.HelpManager/HelpSources::IndexOf(Helpm8.IHelpSource)
DA:129,0
DA:130,0
DA:131,0
FN:133,System.Void Helpm8.HelpManager/HelpSources::Add(Helpm8.IHelpSource)
FNDA:0,System.Void Helpm8.HelpManager/HelpSources::Add(Helpm8.IHelpSource)
DA:134,0
DA:135,0
DA:136,0
DA:137,0
FN:139,System.Void Helpm8.HelpManager/HelpSources::Insert(System.Int32,Helpm8.IHelpSource)
FNDA:0,System.Void Helpm8.HelpManager/HelpSources::Insert(System.Int32,Helpm8.IHelpSource)
DA:140,0
DA:141,0
DA:142,0
DA:143,0
FN:145,System.Boolean Helpm8.HelpManager/HelpSources::Contains(Helpm8.IHelpSource)
FNDA:0,System.Boolean Helpm8.HelpManager/HelpSources::Contains(Helpm8.IHelpSource)
DA:146,0
DA:147,0
DA:148,0
FN:150,System.Void Helpm8.HelpManager/HelpSources::CopyTo(Helpm8.IHelpSource[],System.Int32)
FNDA:0,System.Void Helpm8.HelpManager/HelpSources::CopyTo(Helpm8.IHelpSource[],System.Int32)
DA:151,0
DA:152,0
DA:153,0
FN:155,System.Boolean Helpm8.HelpManager/HelpSources::Remove(Helpm8.IHelpSource)
FNDA:0,System.Boolean Helpm8.HelpManager/HelpSources::Remove(Helpm8.IHelpSource)
DA:156,0
DA:157,0
DA:158,0
DA:159,0
DA:160,0
FN:162,System.Void Helpm8.HelpManager/HelpSources::RemoveAt(System.Int32)
FNDA:0,System.Void Helpm8.HelpManager/HelpSources::RemoveAt(System.Int32)
DA:163,0
DA:164,0
DA:165,0
DA:166,0
FN:168,System.Void Helpm8.HelpManager/HelpSources::Clear()
FNDA:0,System.Void Helpm8.HelpManager/HelpSources::Clear()
DA:169,0
DA:170,0
DA:171,0
DA:172,0
FN:174,System.Collections.IEnumerator Helpm8.HelpManager/HelpSources::System.Collections.IEnumerable.GetEnumerator()
FNDA:0,System.Collections.IEnumerator Helpm8.HelpManager/HelpSources::System.Collections.IEnumerable.GetEnumerator()
DA:175,0
DA:176,0
DA:177,0
FN:100,System.Void Helpm8.HelpManager/HelpSources::.ctor(Helpm8.HelpManager)
FNDA:0,System.Void Helpm8.HelpManager/HelpSources::.ctor(Helpm8.HelpManager)
DA:101,0
DA:104,0
DA:105,0
DA:106,0
DA:107,0
LF:103
LH:0
BRF:8
BRH:0
FNF:29
FNH:0
end_of_record
SF:D:\proj\Helpm8\src\libraries\Helpm8.Core\HelpPath.cs
FN:22,System.String Helpm8.HelpPath::Combine(System.String[])
FNDA:309,System.String Helpm8.HelpPath::Combine(System.String[])
DA:23,309
DA:24,309
DA:26,309
DA:27,309
BRDA:24,7,0,0
BRDA:24,7,1,309
FN:34,System.String Helpm8.HelpPath::Combine(System.Collections.Generic.IEnumerable`1<System.String>)
FNDA:0,System.String Helpm8.HelpPath::Combine(System.Collections.Generic.IEnumerable`1<System.String>)
DA:35,0
DA:36,0
DA:38,0
DA:39,0
BRDA:36,7,0,0
BRDA:36,7,1,0
FN:47,System.String Helpm8.HelpPath::GetSectionKey(System.String)
FNDA:132,System.String Helpm8.HelpPath::GetSectionKey(System.String)
DA:48,132
DA:49,132
DA:50,0
DA:51,0
DA:54,132
DA:55,132
DA:56,132
BRDA:49,9,0,0
BRDA:49,9,1,132
BRDA:55,31,0,99
BRDA:55,31,1,33
FN:63,System.String Helpm8.HelpPath::GetParentPath(System.String)
FNDA:0,System.String Helpm8.HelpPath::GetParentPath(System.String)
DA:64,0
DA:65,0
DA:66,0
DA:67,0
DA:70,0
DA:71,0
DA:72,0
BRDA:65,9,0,0
BRDA:65,9,1,0
BRDA:71,31,0,0
BRDA:71,31,1,0
FN:14,System.Void Helpm8.HelpPath::.cctor()
FNDA:1,System.Void Helpm8.HelpPath::.cctor()
DA:15,1
LF:23
LH:10
BRF:12
BRH:4
FNF:5
FNH:3
end_of_record
SF:D:\proj\Helpm8\src\libraries\Helpm8.Core\HelpProvider.cs
FN:22,System.Collections.Generic.IDictionary`2<System.String,System.String> Helpm8.HelpProvider::get_Data()
FNDA:749,System.Collections.Generic.IDictionary`2<System.String,System.String> Helpm8.HelpProvider::get_Data()
DA:23,749
FN:31,System.Boolean Helpm8.HelpProvider::TryGet(System.String,System.String&)
FNDA:564,System.Boolean Helpm8.HelpProvider::TryGet(System.String,System.String&)
DA:32,564
FN:39,System.Void Helpm8.HelpProvider::Set(System.String,System.String)
FNDA:0,System.Void Helpm8.HelpProvider::Set(System.String,System.String)
DA:40,0
FN:45,System.Void Helpm8.HelpProvider::Load()
FNDA:12,System.Void Helpm8.HelpProvider::Load()
DA:46,12
FN:56,System.Collections.Generic.IEnumerable`1<System.String> Helpm8.HelpProvider::GetChildKeys(System.Collections.Generic.IEnumerable`1<System.String>,System.String)
FNDA:109,System.Collections.Generic.IEnumerable`1<System.String> Helpm8.HelpProvider::GetChildKeys(System.Collections.Generic.IEnumerable`1<System.String>,System.String)
DA:57,109
DA:58,109
DA:60,109
DA:61,17
DA:62,261
DA:63,105
DA:64,105
DA:65,105
DA:66,17
DA:68,92
DA:69,92
DA:71,1424
DA:72,574
DA:73,574
DA:74,574
DA:75,574
DA:76,198
DA:77,198
DA:78,198
DA:79,574
DA:80,92
DA:82,109
DA:83,109
DA:84,109
DA:85,109
BRDA:60,13,0,17
BRDA:62,66,1,105
BRDA:62,66,0,17
BRDA:60,13,1,92
BRDA:71,239,1,574
BRDA:73,153,0,370
BRDA:73,169,0,201
BRDA:73,153,1,373
BRDA:73,169,1,373
BRDA:73,200,0,198
BRDA:73,200,1,574
BRDA:71,239,0,92
FN:87,System.String Helpm8.HelpProvider::Segment(System.String,System.Int32)
FNDA:303,System.String Helpm8.HelpProvider::Segment(System.String,System.Int32)
DA:88,303
DA:89,303
DA:90,303
DA:91,303
BRDA:90,17,0,198
BRDA:90,17,1,105
FN:96,System.String Helpm8.HelpProvider::ToString()
FNDA:8,System.String Helpm8.HelpProvider::ToString()
DA:97,8
BRDA:97,12,0,0
BRDA:97,12,1,8
FN:14,System.Void Helpm8.HelpProvider::.ctor()
FNDA:19,System.Void Helpm8.HelpProvider::.ctor()
DA:15,19
DA:16,19
DA:17,19
DA:18,19
LF:38
LH:37
BRF:16
BRH:15
FNF:8
FNH:7
end_of_record
SF:D:\proj\Helpm8\src\libraries\Helpm8.Core\HelpRoot.cs
FN:17,System.String Helpm8.HelpRoot::get_Item(System.String)
FNDA:440,System.String Helpm8.HelpRoot::get_Item(System.String)
DA:18,440
FN:18,System.Void Helpm8.HelpRoot::set_Item(System.String,System.String)
FNDA:0,System.Void Helpm8.HelpRoot::set_Item(System.String,System.String)
DA:19,0
FN:21,System.Collections.Generic.IEnumerable`1<Helpm8.IHelpProvider> Helpm8.HelpRoot::get_Providers()
FNDA:86,System.Collections.Generic.IEnumerable`1<Helpm8.IHelpProvider> Helpm8.HelpRoot::get_Providers()
DA:22,86
FN:23,Helpm8.IHelpSection Helpm8.HelpRoot::GetSection(System.String)
FNDA:212,Helpm8.IHelpSection Helpm8.HelpRoot::GetSection(System.String)
DA:24,212
FN:25,System.Collections.Generic.IEnumerable`1<Helpm8.IHelpSection> Helpm8.HelpRoot::GetChildren()
FNDA:11,System.Collections.Generic.IEnumerable`1<Helpm8.IHelpSection> Helpm8.HelpRoot::GetChildren()
DA:26,11
FN:28,System.Void Helpm8.HelpRoot::Load()
FNDA:13,System.Void Helpm8.HelpRoot::Load()
DA:29,13
DA:30,76
DA:31,19
DA:32,19
DA:33,18
DA:34,12
BRDA:30,38,1,19
BRDA:30,38,0,12
FN:37,System.Void Helpm8.HelpRoot::Dispose()
FNDA:0,System.Void Helpm8.HelpRoot::Dispose()
DA:38,0
DA:39,0
DA:40,0
DA:41,0
DA:42,0
DA:43,0
BRDA:39,49,1,0
BRDA:41,31,0,0
BRDA:41,31,1,0
BRDA:39,49,0,0
FN:45,System.String Helpm8.HelpRoot::GetHelp(System.Collections.Generic.IList`1<Helpm8.IHelpProvider>,System.String)
FNDA:440,System.String Helpm8.HelpRoot::GetHelp(System.Collections.Generic.IList`1<Helpm8.IHelpProvider>,System.String)
DA:46,440
DA:47,1336
DA:48,552
DA:49,552
DA:51,552
DA:52,324
DA:53,324
DA:55,228
DA:57,116
DA:58,440
BRDA:47,56,1,552
BRDA:51,32,0,324
BRDA:51,32,1,228
BRDA:47,56,0,116
FN:60,System.Void Helpm8.HelpRoot::SetHelp(System.Collections.Generic.IList`1<Helpm8.IHelpProvider>,System.String,System.String)
FNDA:0,System.Void Helpm8.HelpRoot::SetHelp(System.Collections.Generic.IList`1<Helpm8.IHelpProvider>,System.String,System.String)
DA:61,0
DA:62,0
DA:63,0
DA:64,0
DA:67,0
DA:68,0
DA:69,0
DA:70,0
DA:71,0
BRDA:62,12,0,0
BRDA:62,12,1,0
BRDA:67,60,1,0
BRDA:67,60,0,0
FN:9,System.Void Helpm8.HelpRoot::.ctor(System.Collections.Generic.IList`1<Helpm8.IHelpProvider>)
FNDA:13,System.Void Helpm8.HelpRoot::.ctor(System.Collections.Generic.IList`1<Helpm8.IHelpProvider>)
DA:10,13
DA:11,13
DA:12,13
DA:13,13
DA:14,12
BRDA:12,11,0,0
BRDA:12,11,1,13
LF:41
LH:25
BRF:16
BRH:7
FNF:10
FNH:7
end_of_record
SF:D:\proj\Helpm8\src\libraries\Helpm8.Core\HelpRootExtensions.cs
FN:17,System.String Helpm8.HelpRootExtensions::GetDebugView(Helpm8.IHelpRoot)
FNDA:1,System.String Helpm8.HelpRootExtensions::GetDebugView(Helpm8.IHelpRoot)
DA:18,1
DA:19,1
DA:20,1
FN:33,System.String Helpm8.HelpRootExtensions::GetDebugView(Helpm8.IHelpRoot,System.Func`2<Helpm8.HelpDebugViewContext,System.String>)
FNDA:1,System.String Helpm8.HelpRootExtensions::GetDebugView(Helpm8.IHelpRoot,System.Func`2<Helpm8.HelpDebugViewContext,System.String>)
DA:34,1
DA:72,1
DA:74,1
DA:76,1
DA:77,1
FN:79,System.Collections.Generic.IEnumerable`1<Helpm8.IHelpSection> Helpm8.HelpRootExtensions::GetChildrenImplementation(Helpm8.IHelpRoot,System.String)
FNDA:73,System.Collections.Generic.IEnumerable`1<Helpm8.IHelpSection> Helpm8.HelpRootExtensions::GetChildrenImplementation(Helpm8.IHelpRoot,System.String)
DA:80,73
DA:81,73
DA:82,73
DA:84,73
DA:85,73
DA:86,109
DA:87,73
DA:88,205
DA:90,73
DA:91,73
DA:92,73
DA:95,0
DA:97,0
DA:99,73
BRDA:81,33,0,73
BRDA:81,33,1,0
BRDA:82,46,0,73
BRDA:82,46,1,0
BRDA:82,62,0,73
BRDA:82,62,1,73
BRDA:90,136,0,73
BRDA:90,136,1,0
BRDA:88,12,0,99
BRDA:88,12,1,33
FN:103,System.ValueTuple`2<System.String,Helpm8.IHelpProvider> Helpm8.HelpRootExtensions::GetValueAndProvider(Helpm8.IHelpRoot,System.String)
FNDA:12,System.ValueTuple`2<System.String,Helpm8.IHelpProvider> Helpm8.HelpRootExtensions::GetValueAndProvider(Helpm8.IHelpRoot,System.String)
DA:104,12
DA:105,53
DA:106,12
DA:107,12
DA:108,7
DA:109,7
DA:111,5
DA:113,5
DA:114,12
BRDA:105,61,1,12
BRDA:107,40,0,7
BRDA:107,40,1,5
BRDA:105,61,0,5
FN:38,System.Void Helpm8.HelpRootExtensions::<GetDebugView>g__RecurseChildren|1_0(System.Text.StringBuilder,System.Collections.Generic.IEnumerable`1<Helpm8.IHelpSection>,System.String,Helpm8.HelpRootExtensions/<>c__DisplayClass1_0&)
FNDA:13,System.Void Helpm8.HelpRootExtensions::<GetDebugView>g__RecurseChildren|1_0(System.Text.StringBuilder,System.Collections.Generic.IEnumerable`1<Helpm8.IHelpSection>,System.String,Helpm8.HelpRootExtensions/<>c__DisplayClass1_0&)
DA:39,13
DA:40,63
DA:41,12
DA:42,12
DA:44,12
DA:45,7
DA:46,7
DA:47,7
DA:48,7
DA:49,7
DA:51,7
DA:52,7
DA:53,7
DA:54,7
DA:55,7
DA:56,7
DA:57,7
DA:58,7
DA:59,7
DA:61,5
DA:62,5
DA:63,5
DA:64,5
DA:65,5
DA:66,5
DA:68,12
DA:69,12
DA:70,13
BRDA:40,242,1,12
BRDA:44,51,0,7
BRDA:46,60,0,7
BRDA:46,60,1,0
BRDA:44,51,1,5
BRDA:40,242,0,13
LF:59
LH:57
BRF:20
BRH:16
FNF:5
FNH:5
end_of_record
SF:D:\proj\Helpm8\src\libraries\Helpm8.Core\HelpSection.cs
FN:20,System.String Helpm8.HelpSection::get_Item(System.String)
FNDA:180,System.String Helpm8.HelpSection::get_Item(System.String)
DA:21,180
DA:22,180
DA:23,180
FN:24,System.Void Helpm8.HelpSection::set_Item(System.String,System.String)
FNDA:0,System.Void Helpm8.HelpSection::set_Item(System.String,System.String)
DA:25,0
DA:26,0
DA:27,0
FN:29,Helpm8.IHelpSection Helpm8.HelpSection::GetSection(System.String)
FNDA:30,Helpm8.IHelpSection Helpm8.HelpSection::GetSection(System.String)
DA:30,30
FN:31,System.Collections.Generic.IEnumerable`1<Helpm8.IHelpSection> Helpm8.HelpSection::GetChildren()
FNDA:62,System.Collections.Generic.IEnumerable`1<Helpm8.IHelpSection> Helpm8.HelpSection::GetChildren()
DA:32,62
FN:35,System.String Helpm8.HelpSection::get_Key()
FNDA:396,System.String Helpm8.HelpSection::get_Key()
DA:36,396
BRDA:36,8,0,132
BRDA:36,8,1,132
FN:38,System.String Helpm8.HelpSection::get_Path()
FNDA:664,System.String Helpm8.HelpSection::get_Path()
DA:39,664
FN:43,System.String Helpm8.HelpSection::get_Value()
FNDA:190,System.String Helpm8.HelpSection::get_Value()
DA:44,190
DA:45,190
DA:46,190
FN:47,System.Void Helpm8.HelpSection::set_Value(System.String)
FNDA:0,System.Void Helpm8.HelpSection::set_Value(System.String)
DA:48,0
DA:49,0
DA:50,0
FN:11,System.Void Helpm8.HelpSection::.ctor(Helpm8.IHelpRoot,System.String)
FNDA:212,System.Void Helpm8.HelpSection::.ctor(Helpm8.IHelpRoot,System.String)
DA:12,212
DA:13,212
DA:14,212
DA:15,212
DA:16,212
BRDA:14,11,0,0
BRDA:14,11,1,212
BRDA:15,33,0,0
BRDA:15,33,1,212
LF:21
LH:15
BRF:6
BRH:4
FNF:9
FNH:7
end_of_record
SF:D:\proj\Helpm8\src\libraries\Helpm8.Core\InMemoryHelpBuilderExtensions.cs
FN:17,Helpm8.IHelpBuilder Helpm8.InMemoryHelpBuilderExtensions::AddInMemoryCollection(Helpm8.IHelpBuilder)
FNDA:0,Helpm8.IHelpBuilder Helpm8.InMemoryHelpBuilderExtensions::AddInMemoryCollection(Helpm8.IHelpBuilder)
DA:18,0
DA:19,0
DA:21,0
DA:22,0
DA:23,0
BRDA:19,7,0,0
BRDA:19,7,1,0
FN:33,Helpm8.IHelpBuilder Helpm8.InMemoryHelpBuilderExtensions::AddInMemoryCollection(Helpm8.IHelpBuilder,System.Collections.Generic.IEnumerable`1<System.Collections.Generic.KeyValuePair`2<System.String,System.String>>)
FNDA:0,Helpm8.IHelpBuilder Helpm8.InMemoryHelpBuilderExtensions::AddInMemoryCollection(Helpm8.IHelpBuilder,System.Collections.Generic.IEnumerable`1<System.Collections.Generic.KeyValuePair`2<System.String,System.String>>)
DA:34,0
DA:35,0
DA:37,0
DA:38,0
DA:39,0
BRDA:35,7,0,0
BRDA:35,7,1,0
LF:10
LH:0
BRF:4
BRH:0
FNF:2
FNH:0
end_of_record
SF:D:\proj\Helpm8\src\libraries\Helpm8.Core\ReferenceCountedProviderManager.cs
FN:11,System.Collections.Generic.IEnumerable`1<Helpm8.IHelpProvider> Helpm8.ReferenceCountedProviderManager::get_NonReferenceCountedProviders()
FNDA:0,System.Collections.Generic.IEnumerable`1<Helpm8.IHelpProvider> Helpm8.ReferenceCountedProviderManager::get_NonReferenceCountedProviders()
DA:12,0
FN:14,Helpm8.ReferenceCountedProviders Helpm8.ReferenceCountedProviderManager::GetReference()
FNDA:0,Helpm8.ReferenceCountedProviders Helpm8.ReferenceCountedProviderManager::GetReference()
DA:15,0
DA:18,0
DA:19,0
DA:20,0
DA:21,0
DA:25,0
DA:28,0
DA:29,0
DA:31,0
BRDA:20,28,0,0
BRDA:20,28,1,0
FN:33,System.Void Helpm8.ReferenceCountedProviderManager::AddProvider(Helpm8.IHelpProvider)
FNDA:0,System.Void Helpm8.ReferenceCountedProviderManager::AddProvider(Helpm8.IHelpProvider)
DA:34,0
DA:35,0
DA:36,0
DA:37,0
DA:38,0
DA:39,0
DA:43,0
DA:44,0
DA:45,0
DA:46,0
DA:47,0
DA:48,0
BRDA:37,28,0,0
BRDA:37,28,1,0
FN:51,System.Void Helpm8.ReferenceCountedProviderManager::ReplaceProviders(System.Collections.Generic.List`1<Helpm8.IHelpProvider>)
FNDA:0,System.Void Helpm8.ReferenceCountedProviderManager::ReplaceProviders(System.Collections.Generic.List`1<Helpm8.IHelpProvider>)
DA:52,0
DA:53,0
DA:55,0
DA:56,0
DA:57,0
DA:58,0
DA:59,0
DA:62,0
DA:63,0
DA:68,0
DA:69,0
BRDA:57,35,0,0
BRDA:57,35,1,0
FN:71,System.Void Helpm8.ReferenceCountedProviderManager::Dispose()
FNDA:0,System.Void Helpm8.ReferenceCountedProviderManager::Dispose()
DA:72,0
DA:73,0
DA:77,0
DA:78,0
DA:79,0
DA:80,0
DA:83,0
DA:84,0
FN:7,System.Void Helpm8.ReferenceCountedProviderManager::.ctor()
FNDA:0,System.Void Helpm8.ReferenceCountedProviderManager::.ctor()
DA:8,0
DA:9,0
LF:43
LH:0
BRF:6
BRH:0
FNF:6
FNH:0
end_of_record
SF:D:\proj\Helpm8\src\libraries\Helpm8.Core\ReferenceCountedProviders.cs
FN:10,Helpm8.ReferenceCountedProviders Helpm8.ReferenceCountedProviders::Create(System.Collections.Generic.List`1<Helpm8.IHelpProvider>)
FNDA:0,Helpm8.ReferenceCountedProviders Helpm8.ReferenceCountedProviders::Create(System.Collections.Generic.List`1<Helpm8.IHelpProvider>)
DA:11,0
FN:15,Helpm8.ReferenceCountedProviders Helpm8.ReferenceCountedProviders::CreateDisposed(System.Collections.Generic.List`1<Helpm8.IHelpProvider>)
FNDA:0,Helpm8.ReferenceCountedProviders Helpm8.ReferenceCountedProviders::CreateDisposed(System.Collections.Generic.List`1<Helpm8.IHelpProvider>)
DA:16,0
FN:43,System.Collections.Generic.List`1<Helpm8.IHelpProvider> Helpm8.ReferenceCountedProviders/ActiveReferenceCountedProviders::get_Providers()
FNDA:0,System.Collections.Generic.List`1<Helpm8.IHelpProvider> Helpm8.ReferenceCountedProviders/ActiveReferenceCountedProviders::get_Providers()
DA:44,0
DA:45,0
DA:46,0
DA:47,0
FN:48,System.Void Helpm8.ReferenceCountedProviders/ActiveReferenceCountedProviders::set_Providers(System.Collections.Generic.List`1<Helpm8.IHelpProvider>)
FNDA:0,System.Void Helpm8.ReferenceCountedProviders/ActiveReferenceCountedProviders::set_Providers(System.Collections.Generic.List`1<Helpm8.IHelpProvider>)
DA:49,0
DA:50,0
DA:51,0
DA:52,0
FN:54,System.Collections.Generic.List`1<Helpm8.IHelpProvider> Helpm8.ReferenceCountedProviders/ActiveReferenceCountedProviders::get_NonReferenceCountedProviders()
FNDA:0,System.Collections.Generic.List`1<Helpm8.IHelpProvider> Helpm8.ReferenceCountedProviders/ActiveReferenceCountedProviders::get_NonReferenceCountedProviders()
DA:55,0
FN:57,System.Void Helpm8.ReferenceCountedProviders/ActiveReferenceCountedProviders::AddReference()
FNDA:0,System.Void Helpm8.ReferenceCountedProviders/ActiveReferenceCountedProviders::AddReference()
DA:58,0
DA:60,0
DA:61,0
DA:62,0
FN:64,System.Void Helpm8.ReferenceCountedProviders/ActiveReferenceCountedProviders::Dispose()
FNDA:0,System.Void Helpm8.ReferenceCountedProviders/ActiveReferenceCountedProviders::Dispose()
DA:65,0
DA:66,0
DA:67,0
DA:68,0
DA:69,0
DA:70,0
DA:71,0
DA:72,0
DA:73,0
BRDA:66,18,0,0
BRDA:68,73,1,0
BRDA:70,54,0,0
BRDA:70,54,1,0
BRDA:68,73,0,0
BRDA:66,18,1,0
FN:30,System.Void Helpm8.ReferenceCountedProviders/ActiveReferenceCountedProviders::.ctor(System.Collections.Generic.List`1<Helpm8.IHelpProvider>)
FNDA:0,System.Void Helpm8.ReferenceCountedProviders/ActiveReferenceCountedProviders::.ctor(System.Collections.Generic.List`1<Helpm8.IHelpProvider>)
DA:31,0
DA:36,0
DA:37,0
DA:38,0
DA:39,0
FN:82,System.Collections.Generic.List`1<Helpm8.IHelpProvider> Helpm8.ReferenceCountedProviders/DisposedReferenceCountedProviders::get_Providers()
FNDA:0,System.Collections.Generic.List`1<Helpm8.IHelpProvider> Helpm8.ReferenceCountedProviders/DisposedReferenceCountedProviders::get_Providers()
DA:83,0
FN:83,System.Collections.Generic.List`1<Helpm8.IHelpProvider> Helpm8.ReferenceCountedProviders/DisposedReferenceCountedProviders::get_NonReferenceCountedProviders()
FNDA:0,System.Collections.Generic.List`1<Helpm8.IHelpProvider> Helpm8.ReferenceCountedProviders/DisposedReferenceCountedProviders::get_NonReferenceCountedProviders()
DA:84,0
FN:85,System.Void Helpm8.ReferenceCountedProviders/DisposedReferenceCountedProviders::AddReference()
FNDA:0,System.Void Helpm8.ReferenceCountedProviders/DisposedReferenceCountedProviders::AddReference()
DA:86,0
FN:86,System.Void Helpm8.ReferenceCountedProviders/DisposedReferenceCountedProviders::Dispose()
FNDA:0,System.Void Helpm8.ReferenceCountedProviders/DisposedReferenceCountedProviders::Dispose()
DA:87,0
FN:77,System.Void Helpm8.ReferenceCountedProviders/DisposedReferenceCountedProviders::.ctor(System.Collections.Generic.List`1<Helpm8.IHelpProvider>)
FNDA:0,System.Void Helpm8.ReferenceCountedProviders/DisposedReferenceCountedProviders::.ctor(System.Collections.Generic.List`1<Helpm8.IHelpProvider>)
DA:78,0
DA:79,0
DA:80,0
DA:81,0
LF:37
LH:0
BRF:6
BRH:0
FNF:13
FNH:0
end_of_record
SF:D:\proj\Helpm8\src\libraries\Helpm8.Core\InMemoryHelpProvider.cs
FN:35,System.Void Helpm8.InMemory.InMemoryHelpProvider::Add(System.String,System.String)
FNDA:0,System.Void Helpm8.InMemory.InMemoryHelpProvider::Add(System.String,System.String)
DA:36,0
DA:37,0
DA:38,0
FN:44,System.Collections.Generic.IEnumerator`1<System.Collections.Generic.KeyValuePair`2<System.String,System.String>> Helpm8.InMemory.InMemoryHelpProvider::GetEnumerator()
FNDA:0,System.Collections.Generic.IEnumerator`1<System.Collections.Generic.KeyValuePair`2<System.String,System.String>> Helpm8.InMemory.InMemoryHelpProvider::GetEnumerator()
DA:45,0
DA:46,0
DA:47,0
FN:53,System.Collections.IEnumerator Helpm8.InMemory.InMemoryHelpProvider::System.Collections.IEnumerable.GetEnumerator()
FNDA:0,System.Collections.IEnumerator Helpm8.InMemory.InMemoryHelpProvider::System.Collections.IEnumerable.GetEnumerator()
DA:54,0
DA:55,0
DA:56,0
FN:16,System.Void Helpm8.InMemory.InMemoryHelpProvider::.ctor(Helpm8.InMemory.InMemoryHelpSource)
FNDA:6,System.Void Helpm8.InMemory.InMemoryHelpProvider::.ctor(Helpm8.InMemory.InMemoryHelpSource)
DA:17,6
DA:18,6
DA:19,6
DA:21,6
DA:22,6
DA:23,86
DA:24,34
DA:25,34
DA:26,34
DA:27,6
DA:28,6
BRDA:19,14,0,0
BRDA:19,14,1,6
BRDA:21,38,0,6
BRDA:23,97,1,34
BRDA:23,97,0,6
BRDA:21,38,1,6
LF:20
LH:11
BRF:6
BRH:5
FNF:4
FNH:1
end_of_record
SF:D:\proj\Helpm8\src\libraries\Helpm8.Core\InMemoryHelpSource.cs
FN:13,System.Collections.Generic.IEnumerable`1<System.Collections.Generic.KeyValuePair`2<System.String,System.String>> Helpm8.InMemory.InMemoryHelpSource::get_InitialData()
FNDA:18,System.Collections.Generic.IEnumerable`1<System.Collections.Generic.KeyValuePair`2<System.String,System.String>> Helpm8.InMemory.InMemoryHelpSource::get_InitialData()
DA:14,18
FN:22,Helpm8.IHelpProvider Helpm8.InMemory.InMemoryHelpSource::Build(Helpm8.IHelpBuilder)
FNDA:0,Helpm8.IHelpProvider Helpm8.InMemory.InMemoryHelpSource::Build(Helpm8.IHelpBuilder)
DA:23,0
DA:24,0
DA:25,0
LF:4
LH:1
BRF:0
BRH:0
FNF:2
FNH:1
end_of_record
SF:C:\Users\mad\.nuget\packages\microsoft.net.test.sdk\17.2.0\build\netcoreapp2.1\Microsoft.NET.Test.Sdk.Program.cs
FN:3,System.Void AutoGeneratedProgram::Main(System.String[])
FNDA:0,System.Void AutoGeneratedProgram::Main(System.String[])
DA:4,0
LF:1
LH:0
BRF:0
BRH:0
FNF:1
FNH:0
end_of_record
SF:D:\proj\Helpm8\src\libraries\Helpm8.Core.Tests\ChainedHelpProviderFixture.cs
FN:11,System.Void Helpm8.Core.Tests.ChainedHelpProviderFixture::ChainedHelp_UsingMemoryHelpSource_ChainedCouldExposeProvider()
FNDA:0,System.Void Helpm8.Core.Tests.ChainedHelpProviderFixture::ChainedHelp_UsingMemoryHelpSource_ChainedCouldExposeProvider()
DA:12,0
DA:13,0
DA:14,0
DA:15,0
DA:16,0
DA:17,0
DA:18,0
DA:19,0
DA:20,0
DA:21,0
DA:22,0
DA:23,0
DA:27,0
DA:29,0
DA:30,0
DA:32,0
DA:33,0
DA:34,0
DA:35,0
DA:36,0
FN:39,System.Void Helpm8.Core.Tests.ChainedHelpProviderFixture::ChainedHelp_ExposesProvider()
FNDA:0,System.Void Helpm8.Core.Tests.ChainedHelpProviderFixture::ChainedHelp_ExposesProvider()
DA:40,0
DA:41,0
DA:42,0
DA:43,0
DA:44,0
DA:45,0
DA:46,0
DA:47,0
DA:48,0
DA:50,0
DA:51,0
DA:54,0
DA:55,0
DA:56,0
DA:57,0
FN:60,System.Void Helpm8.Core.Tests.ChainedHelpProviderFixture/TestHelpProvider::.ctor(System.String,System.String)
FNDA:0,System.Void Helpm8.Core.Tests.ChainedHelpProviderFixture/TestHelpProvider::.ctor(System.String,System.String)
DA:61,0
DA:62,0
LF:37
LH:0
BRF:0
BRH:0
FNF:3
FNH:0
end_of_record
SF:D:\proj\Helpm8\src\libraries\Helpm8.Core.Tests\HelpFixture.cs
FN:14,System.Void Helpm8.Core.Tests.HelpFixture::LoadAndCombineKeyValuePairsFromDifferentHelpProviders()
FNDA:0,System.Void Helpm8.Core.Tests.HelpFixture::LoadAndCombineKeyValuePairsFromDifferentHelpProviders()
DA:15,0
DA:17,0
DA:18,0
DA:19,0
DA:20,0
DA:21,0
DA:22,0
DA:23,0
DA:24,0
DA:25,0
DA:26,0
DA:27,0
DA:28,0
DA:29,0
DA:30,0
DA:31,0
DA:33,0
DA:36,0
DA:37,0
DA:38,0
DA:40,0
DA:42,0
DA:43,0
DA:44,0
DA:47,0
DA:48,0
DA:49,0
DA:51,0
DA:52,0
DA:53,0
DA:55,0
DA:56,0
DA:57,0
DA:58,0
DA:59,0
FN:62,System.Void Helpm8.Core.Tests.HelpFixture::GetChildKeys_CanChainEmptyKeys()
FNDA:0,System.Void Helpm8.Core.Tests.HelpFixture::GetChildKeys_CanChainEmptyKeys()
DA:63,0
DA:64,0
DA:65,0
DA:66,0
DA:67,0
DA:68,0
DA:70,0
DA:71,0
DA:72,0
DA:73,0
DA:74,0
DA:75,0
DA:77,0
DA:78,0
DA:79,0
DA:80,0
DA:81,0
DA:83,0
DA:84,0
DA:85,0
DA:86,0
DA:87,0
DA:88,0
BRDA:65,54,1,0
BRDA:65,54,0,0
FN:91,System.Void Helpm8.Core.Tests.HelpFixture::GetChildKeys_CanChainKeyWithNoDelimiter()
FNDA:0,System.Void Helpm8.Core.Tests.HelpFixture::GetChildKeys_CanChainKeyWithNoDelimiter()
DA:92,0
DA:93,0
DA:94,0
DA:95,0
DA:96,0
DA:97,0
DA:99,0
DA:100,0
DA:101,0
DA:102,0
DA:103,0
DA:104,0
DA:106,0
DA:107,0
DA:108,0
DA:109,0
DA:110,0
DA:112,0
DA:113,0
DA:114,0
DA:115,0
DA:116,0
DA:117,0
BRDA:94,56,1,0
BRDA:94,56,0,0
FN:120,System.Void Helpm8.Core.Tests.HelpFixture::CanChainHelp()
FNDA:0,System.Void Helpm8.Core.Tests.HelpFixture::CanChainHelp()
DA:121,0
DA:123,0
DA:124,0
DA:125,0
DA:126,0
DA:127,0
DA:128,0
DA:129,0
DA:130,0
DA:131,0
DA:132,0
DA:133,0
DA:134,0
DA:135,0
DA:136,0
DA:137,0
DA:139,0
DA:142,0
DA:143,0
DA:144,0
DA:146,0
DA:148,0
DA:149,0
DA:150,0
DA:151,0
DA:155,0
DA:156,0
DA:157,0
DA:159,0
DA:160,0
FN:165,System.Void Helpm8.Core.Tests.HelpFixture::ChainedAsEnumerateFlattensIntoDictionaryTest(System.Boolean)
FNDA:0,System.Void Helpm8.Core.Tests.HelpFixture::ChainedAsEnumerateFlattensIntoDictionaryTest(System.Boolean)
DA:166,0
DA:168,0
DA:169,0
DA:170,0
DA:171,0
DA:172,0
DA:173,0
DA:174,0
DA:175,0
DA:176,0
DA:177,0
DA:178,0
DA:179,0
DA:180,0
DA:181,0
DA:182,0
DA:183,0
DA:184,0
DA:185,0
DA:186,0
DA:187,0
DA:188,0
DA:189,0
DA:190,0
DA:191,0
DA:193,0
DA:196,0
DA:197,0
DA:198,0
DA:199,0
DA:200,0
DA:201,0
DA:202,0
DA:205,0
DA:206,0
DA:207,0
DA:208,0
DA:209,0
DA:210,0
DA:211,0
DA:212,0
DA:213,0
DA:214,0
DA:215,0
DA:216,0
FN:221,System.Void Helpm8.Core.Tests.HelpFixture::AsEnumerateFlattensIntoDictionaryTest(System.Boolean)
FNDA:0,System.Void Helpm8.Core.Tests.HelpFixture::AsEnumerateFlattensIntoDictionaryTest(System.Boolean)
DA:222,0
DA:224,0
DA:225,0
DA:226,0
DA:227,0
DA:228,0
DA:229,0
DA:230,0
DA:231,0
DA:232,0
DA:233,0
DA:234,0
DA:235,0
DA:236,0
DA:237,0
DA:238,0
DA:239,0
DA:240,0
DA:241,0
DA:242,0
DA:243,0
DA:244,0
DA:245,0
DA:246,0
DA:247,0
DA:249,0
DA:252,0
DA:253,0
DA:254,0
DA:255,0
DA:256,0
DA:259,0
DA:260,0
DA:261,0
DA:262,0
DA:263,0
DA:264,0
DA:265,0
DA:266,0
DA:267,0
DA:268,0
DA:269,0
DA:270,0
FN:273,System.Void Helpm8.Core.Tests.HelpFixture::AsEnumerateStripsKeyFromChildren()
FNDA:0,System.Void Helpm8.Core.Tests.HelpFixture::AsEnumerateStripsKeyFromChildren()
DA:274,0
DA:276,0
DA:277,0
DA:278,0
DA:279,0
DA:280,0
DA:281,0
DA:282,0
DA:283,0
DA:284,0
DA:285,0
DA:286,0
DA:287,0
DA:288,0
DA:289,0
DA:290,0
DA:291,0
DA:292,0
DA:293,0
DA:294,0
DA:295,0
DA:296,0
DA:297,0
DA:298,0
DA:299,0
DA:300,0
DA:301,0
DA:303,0
DA:306,0
DA:307,0
DA:308,0
DA:310,0
DA:312,0
DA:313,0
DA:314,0
DA:315,0
DA:316,0
DA:318,0
DA:319,0
DA:320,0
DA:321,0
DA:322,0
DA:324,0
DA:325,0
DA:326,0
DA:327,0
DA:328,0
DA:329,0
DA:330,0
DA:331,0
FN:335,System.Void Helpm8.Core.Tests.HelpFixture::NewHelpProviderOverridesOldOneWhenKeyIsDuplicated()
FNDA:0,System.Void Helpm8.Core.Tests.HelpFixture::NewHelpProviderOverridesOldOneWhenKeyIsDuplicated()
DA:336,0
DA:338,0
DA:339,0
DA:340,0
DA:341,0
DA:342,0
DA:343,0
DA:344,0
DA:345,0
DA:346,0
DA:347,0
DA:349,0
DA:352,0
DA:353,0
DA:355,0
DA:358,0
DA:359,0
FN:362,System.Void Helpm8.Core.Tests.HelpFixture::NewHelpRootMayBeBuiltFromExistingWithDuplicateKeys()
FNDA:0,System.Void Helpm8.Core.Tests.HelpFixture::NewHelpRootMayBeBuiltFromExistingWithDuplicateKeys()
DA:363,0
DA:364,0
DA:365,0
DA:366,0
DA:367,0
DA:368,0
DA:369,0
DA:370,0
DA:371,0
DA:372,0
DA:373,0
DA:374,0
DA:375,0
DA:376,0
DA:377,0
DA:378,0
FN:393,System.Void Helpm8.Core.Tests.HelpFixture::SettingValueUpdatesAllHelpProviders()
FNDA:0,System.Void Helpm8.Core.Tests.HelpFixture::SettingValueUpdatesAllHelpProviders()
DA:394,0
DA:396,0
DA:397,0
DA:398,0
DA:399,0
DA:400,0
DA:402,0
DA:403,0
DA:404,0
DA:406,0
DA:408,0
DA:409,0
DA:410,0
DA:412,0
DA:415,0
DA:416,0
DA:418,0
DA:419,0
DA:420,0
DA:423,0
DA:424,0
DA:425,0
DA:426,0
DA:427,0
DA:428,0
DA:429,0
DA:430,0
DA:431,0
FN:434,System.Void Helpm8.Core.Tests.HelpFixture::CanGetHelpSection()
FNDA:0,System.Void Helpm8.Core.Tests.HelpFixture::CanGetHelpSection()
DA:435,0
DA:437,0
DA:438,0
DA:439,0
DA:440,0
DA:441,0
DA:442,0
DA:443,0
DA:444,0
DA:445,0
DA:446,0
DA:447,0
DA:448,0
DA:449,0
DA:450,0
DA:451,0
DA:452,0
DA:454,0
DA:455,0
DA:456,0
DA:457,0
DA:459,0
DA:462,0
DA:464,0
DA:465,0
DA:466,0
DA:467,0
DA:468,0
DA:471,0
DA:472,0
DA:473,0
DA:475,0
DA:476,0
DA:477,0
DA:478,0
DA:479,0
DA:480,0
FN:483,System.Void Helpm8.Core.Tests.HelpFixture::CanGetHelpChildren()
FNDA:0,System.Void Helpm8.Core.Tests.HelpFixture::CanGetHelpChildren()
DA:484,0
DA:486,0
DA:487,0
DA:488,0
DA:489,0
DA:490,0
DA:491,0
DA:492,0
DA:493,0
DA:494,0
DA:495,0
DA:496,0
DA:497,0
DA:498,0
DA:499,0
DA:500,0
DA:501,0
DA:503,0
DA:504,0
DA:505,0
DA:506,0
DA:508,0
DA:511,0
DA:514,0
DA:515,0
DA:516,0
DA:517,0
DA:518,0
DA:519,0
DA:520,0
FN:523,System.Void Helpm8.Core.Tests.HelpFixture::SourcesReturnsAddedHelpProviders()
FNDA:0,System.Void Helpm8.Core.Tests.HelpFixture::SourcesReturnsAddedHelpProviders()
DA:524,0
DA:526,0
DA:527,0
DA:528,0
DA:529,0
DA:530,0
DA:531,0
DA:532,0
DA:534,0
DA:535,0
DA:536,0
DA:537,0
DA:538,0
DA:539,0
DA:541,0
DA:544,0
DA:545,0
DA:546,0
DA:548,0
DA:551,0
DA:552,0
FN:555,System.Void Helpm8.Core.Tests.HelpFixture::SetValueThrowsExceptionNoSourceRegistered()
FNDA:0,System.Void Helpm8.Core.Tests.HelpFixture::SetValueThrowsExceptionNoSourceRegistered()
DA:556,0
DA:558,0
DA:559,0
DA:561,0
DA:564,0
DA:567,0
DA:568,0
FN:571,System.Void Helpm8.Core.Tests.HelpFixture::KeyStartingWithColonMeansFirstSectionHasEmptyName()
FNDA:0,System.Void Helpm8.Core.Tests.HelpFixture::KeyStartingWithColonMeansFirstSectionHasEmptyName()
DA:572,0
DA:574,0
DA:575,0
DA:576,0
DA:577,0
DA:578,0
DA:579,0
DA:580,0
DA:583,0
DA:586,0
DA:587,0
DA:588,0
DA:589,0
DA:590,0
FN:593,System.Void Helpm8.Core.Tests.HelpFixture::KeyWithDoubleColonHasSectionWithEmptyName()
FNDA:0,System.Void Helpm8.Core.Tests.HelpFixture::KeyWithDoubleColonHasSectionWithEmptyName()
DA:594,0
DA:596,0
DA:597,0
DA:598,0
DA:599,0
DA:600,0
DA:601,0
DA:602,0
DA:605,0
DA:608,0
DA:609,0
DA:610,0
DA:611,0
DA:612,0
DA:613,0
DA:614,0
FN:617,System.Void Helpm8.Core.Tests.HelpFixture::KeyEndingWithColonMeansLastSectionHasEmptyName()
FNDA:0,System.Void Helpm8.Core.Tests.HelpFixture::KeyEndingWithColonMeansLastSectionHasEmptyName()
DA:618,0
DA:620,0
DA:621,0
DA:622,0
DA:623,0
DA:624,0
DA:625,0
DA:626,0
DA:629,0
DA:632,0
DA:633,0
DA:634,0
DA:635,0
DA:636,0
FN:639,System.Void Helpm8.Core.Tests.HelpFixture::SectionWithValueExists()
FNDA:0,System.Void Helpm8.Core.Tests.HelpFixture::SectionWithValueExists()
DA:640,0
DA:642,0
DA:643,0
DA:644,0
DA:645,0
DA:646,0
DA:647,0
DA:648,0
DA:649,0
DA:650,0
DA:653,0
DA:654,0
DA:655,0
DA:658,0
DA:659,0
DA:660,0
DA:661,0
FN:664,System.Void Helpm8.Core.Tests.HelpFixture::SectionWithChildrenExists()
FNDA:0,System.Void Helpm8.Core.Tests.HelpFixture::SectionWithChildrenExists()
DA:665,0
DA:667,0
DA:668,0
DA:669,0
DA:670,0
DA:671,0
DA:672,0
DA:673,0
DA:674,0
DA:675,0
DA:678,0
DA:679,0
DA:680,0
DA:683,0
DA:684,0
DA:685,0
DA:686,0
FN:691,System.Void Helpm8.Core.Tests.HelpFixture::KeyWithValueAndWithoutChildrenExistsAsSection(System.String)
FNDA:0,System.Void Helpm8.Core.Tests.HelpFixture::KeyWithValueAndWithoutChildrenExistsAsSection(System.String)
DA:692,0
DA:694,0
DA:695,0
DA:696,0
DA:697,0
DA:698,0
DA:699,0
DA:700,0
DA:703,0
DA:706,0
DA:707,0
FN:710,System.Void Helpm8.Core.Tests.HelpFixture::KeyWithNullValueAndWithoutChildrenIsASectionButNotExists()
FNDA:0,System.Void Helpm8.Core.Tests.HelpFixture::KeyWithNullValueAndWithoutChildrenIsASectionButNotExists()
DA:711,0
DA:713,0
DA:714,0
DA:715,0
DA:716,0
DA:717,0
DA:718,0
DA:719,0
DA:722,0
DA:723,0
DA:724,0
DA:727,0
DA:728,0
DA:729,0
DA:730,0
FN:733,System.Void Helpm8.Core.Tests.HelpFixture::SectionWithChildrenHasNullValue()
FNDA:0,System.Void Helpm8.Core.Tests.HelpFixture::SectionWithChildrenHasNullValue()
DA:734,0
DA:736,0
DA:737,0
DA:738,0
DA:739,0
DA:740,0
DA:741,0
DA:742,0
DA:745,0
DA:748,0
DA:749,0
FN:752,System.Void Helpm8.Core.Tests.HelpFixture::NullSectionDoesNotExist()
FNDA:0,System.Void Helpm8.Core.Tests.HelpFixture::NullSectionDoesNotExist()
DA:753,0
DA:756,0
DA:759,0
DA:760,0
FN:386,Helpm8.IHelpProvider Helpm8.Core.Tests.HelpFixture/TestMemorySourceProvider::Build(Helpm8.IHelpBuilder)
FNDA:0,Helpm8.IHelpProvider Helpm8.Core.Tests.HelpFixture/TestMemorySourceProvider::Build(Helpm8.IHelpBuilder)
DA:387,0
DA:388,0
DA:389,0
FN:382,System.Void Helpm8.Core.Tests.HelpFixture/TestMemorySourceProvider::.ctor(System.Collections.Generic.Dictionary`2<System.String,System.String>)
FNDA:0,System.Void Helpm8.Core.Tests.HelpFixture/TestMemorySourceProvider::.ctor(System.Collections.Generic.Dictionary`2<System.String,System.String>)
DA:383,0
DA:384,0
LF:529
LH:0
BRF:4
BRH:0
FNF:25
FNH:0
end_of_record
SF:D:\proj\Helpm8\src\libraries\Helpm8.Core.Tests\HelpKeyComparerFixture.cs
FN:9,System.Void Helpm8.Core.Tests.HelpKeyComparerFixture::CompareWithNull()
FNDA:0,System.Void Helpm8.Core.Tests.HelpKeyComparerFixture::CompareWithNull()
DA:10,0
DA:11,0
DA:12,0
DA:13,0
DA:14,0
DA:15,0
DA:16,0
FN:19,System.Void Helpm8.Core.Tests.HelpKeyComparerFixture::CompareWithSameLength()
FNDA:0,System.Void Helpm8.Core.Tests.HelpKeyComparerFixture::CompareWithSameLength()
DA:20,0
DA:21,0
DA:22,0
DA:24,0
DA:25,0
FN:28,System.Void Helpm8.Core.Tests.HelpKeyComparerFixture::CompareWithDifferentLengths()
FNDA:0,System.Void Helpm8.Core.Tests.HelpKeyComparerFixture::CompareWithDifferentLengths()
DA:29,0
DA:30,0
DA:31,0
DA:32,0
FN:35,System.Void Helpm8.Core.Tests.HelpKeyComparerFixture::CompareWithEmpty()
FNDA:0,System.Void Helpm8.Core.Tests.HelpKeyComparerFixture::CompareWithEmpty()
DA:36,0
DA:37,0
DA:38,0
DA:39,0
DA:40,0
DA:41,0
DA:42,0
DA:43,0
DA:44,0
DA:45,0
DA:46,0
FN:49,System.Void Helpm8.Core.Tests.HelpKeyComparerFixture::CompareWithLetters()
FNDA:0,System.Void Helpm8.Core.Tests.HelpKeyComparerFixture::CompareWithLetters()
DA:50,0
DA:51,0
DA:52,0
DA:53,0
FN:56,System.Void Helpm8.Core.Tests.HelpKeyComparerFixture::CompareWithNumbers()
FNDA:0,System.Void Helpm8.Core.Tests.HelpKeyComparerFixture::CompareWithNumbers()
DA:57,0
DA:58,0
DA:59,0
DA:61,0
DA:63,0
DA:64,0
DA:66,0
DA:67,0
DA:68,0
FN:71,System.Void Helpm8.Core.Tests.HelpKeyComparerFixture::CompareWithNumbersAndLetters()
FNDA:0,System.Void Helpm8.Core.Tests.HelpKeyComparerFixture::CompareWithNumbersAndLetters()
DA:72,0
DA:73,0
DA:74,0
DA:76,0
DA:77,0
DA:78,0
FN:81,System.Void Helpm8.Core.Tests.HelpKeyComparerFixture::CompareWithNonNumbers()
FNDA:0,System.Void Helpm8.Core.Tests.HelpKeyComparerFixture::CompareWithNonNumbers()
DA:82,0
DA:83,0
DA:84,0
DA:86,0
DA:87,0
DA:89,0
DA:90,0
DA:92,0
DA:93,0
DA:94,0
FN:97,System.Void Helpm8.Core.Tests.HelpKeyComparerFixture::CompareIdenticalPaths()
FNDA:0,System.Void Helpm8.Core.Tests.HelpKeyComparerFixture::CompareIdenticalPaths()
DA:98,0
DA:99,0
DA:100,0
FN:103,System.Void Helpm8.Core.Tests.HelpKeyComparerFixture::CompareDifferentPaths()
FNDA:0,System.Void Helpm8.Core.Tests.HelpKeyComparerFixture::CompareDifferentPaths()
DA:104,0
DA:105,0
DA:106,0
DA:107,0
FN:110,System.Void Helpm8.Core.Tests.HelpKeyComparerFixture::ComparePathsWithCommonPart()
FNDA:0,System.Void Helpm8.Core.Tests.HelpKeyComparerFixture::ComparePathsWithCommonPart()
DA:111,0
DA:112,0
DA:113,0
DA:114,0
FN:117,System.Void Helpm8.Core.Tests.HelpKeyComparerFixture::ComparePathsWithCommonPartButShorter()
FNDA:0,System.Void Helpm8.Core.Tests.HelpKeyComparerFixture::ComparePathsWithCommonPartButShorter()
DA:118,0
DA:119,0
DA:120,0
DA:121,0
FN:124,System.Void Helpm8.Core.Tests.HelpKeyComparerFixture::ComparePathsWithIndicesAtTheEnd()
FNDA:0,System.Void Helpm8.Core.Tests.HelpKeyComparerFixture::ComparePathsWithIndicesAtTheEnd()
DA:125,0
DA:126,0
DA:127,0
DA:129,0
DA:130,0
DA:131,0
FN:134,System.Void Helpm8.Core.Tests.HelpKeyComparerFixture::ComparePathsWithIndicesInside()
FNDA:0,System.Void Helpm8.Core.Tests.HelpKeyComparerFixture::ComparePathsWithIndicesInside()
DA:135,0
DA:136,0
DA:137,0
DA:139,0
DA:140,0
DA:141,0
FN:143,System.Void Helpm8.Core.Tests.HelpKeyComparerFixture::ComparerTest(System.String,System.String,System.Int32)
FNDA:0,System.Void Helpm8.Core.Tests.HelpKeyComparerFixture::ComparerTest(System.String,System.String,System.Int32)
DA:144,0
DA:145,0
DA:146,0
DA:147,0
LF:87
LH:0
BRF:0
BRH:0
FNF:15
FNH:0
end_of_record
SF:D:\proj\Helpm8\src\libraries\Helpm8.Core.Tests\HelpManagerFixture.cs
FN:14,System.Void Helpm8.Core.Tests.HelpManagerFixture::AutoUpdates()
FNDA:0,System.Void Helpm8.Core.Tests.HelpManagerFixture::AutoUpdates()
DA:15,0
DA:16,0
DA:18,0
DA:19,0
DA:20,0
DA:21,0
DA:23,0
DA:24,0
FN:27,System.Void Helpm8.Core.Tests.HelpManagerFixture::SettingValuesWorksWithoutManuallyAddingSource()
FNDA:0,System.Void Helpm8.Core.Tests.HelpManagerFixture::SettingValuesWorksWithoutManuallyAddingSource()
DA:28,0
DA:29,0
DA:30,0
DA:31,0
DA:32,0
DA:34,0
DA:35,0
FN:38,System.Void Helpm8.Core.Tests.HelpManagerFixture::DisposesProvidersOnDispose()
FNDA:0,System.Void Helpm8.Core.Tests.HelpManagerFixture::DisposesProvidersOnDispose()
DA:39,0
DA:40,0
DA:41,0
DA:42,0
DA:43,0
DA:44,0
DA:46,0
DA:47,0
DA:49,0
DA:50,0
DA:51,0
DA:52,0
DA:53,0
DA:55,0
DA:56,0
DA:57,0
DA:58,0
DA:59,0
DA:61,0
DA:63,0
DA:64,0
DA:65,0
DA:66,0
FN:69,System.Void Helpm8.Core.Tests.HelpManagerFixture::DisposesProvidersOnRemoval()
FNDA:0,System.Void Helpm8.Core.Tests.HelpManagerFixture::DisposesProvidersOnRemoval()
DA:70,0
DA:71,0
DA:72,0
DA:73,0
DA:74,0
DA:75,0
DA:77,0
DA:78,0
DA:79,0
DA:80,0
DA:81,0
DA:83,0
DA:84,0
DA:86,0
DA:87,0
DA:88,0
DA:89,0
DA:90,0
DA:92,0
DA:93,0
DA:94,0
DA:95,0
DA:96,0
DA:98,0
DA:99,0
DA:104,0
DA:105,0
DA:107,0
DA:109,0
DA:110,0
DA:111,0
DA:112,0
FN:139,Xunit.TheoryData Helpm8.Core.Tests.HelpManagerFixture::get_ConcurrentReadActions()
FNDA:0,Xunit.TheoryData Helpm8.Core.Tests.HelpManagerFixture::get_ConcurrentReadActions()
DA:140,0
DA:141,0
DA:142,0
DA:143,0
DA:144,0
DA:145,0
DA:146,0
DA:147,0
FN:182,System.Void Helpm8.Core.Tests.HelpManagerFixture::DisposingHelpManagerCausesOnlySourceChangesToThrow()
FNDA:0,System.Void Helpm8.Core.Tests.HelpManagerFixture::DisposingHelpManagerCausesOnlySourceChangesToThrow()
DA:183,0
DA:184,0
DA:185,0
DA:186,0
DA:187,0
DA:189,0
DA:191,0
DA:192,0
DA:193,0
DA:195,0
DA:196,0
DA:197,0
FN:202,System.Void Helpm8.Core.Tests.HelpManagerFixture::ChainedHelpIsDisposedOnDispose(System.Boolean)
FNDA:0,System.Void Helpm8.Core.Tests.HelpManagerFixture::ChainedHelpIsDisposedOnDispose(System.Boolean)
DA:203,0
DA:204,0
DA:205,0
DA:206,0
DA:207,0
DA:209,0
DA:211,0
DA:213,0
DA:215,0
DA:217,0
DA:218,0
FN:221,System.Void Helpm8.Core.Tests.HelpManagerFixture::LoadAndCombineKeyValuePairsFromDifferentHelpProviders()
FNDA:0,System.Void Helpm8.Core.Tests.HelpManagerFixture::LoadAndCombineKeyValuePairsFromDifferentHelpProviders()
DA:222,0
DA:224,0
DA:225,0
DA:226,0
DA:227,0
DA:228,0
DA:229,0
DA:230,0
DA:231,0
DA:232,0
DA:233,0
DA:234,0
DA:235,0
DA:236,0
DA:237,0
DA:238,0
DA:240,0
DA:241,0
DA:244,0
DA:245,0
DA:246,0
DA:248,0
DA:249,0
DA:250,0
DA:253,0
DA:254,0
DA:255,0
DA:257,0
DA:258,0
DA:259,0
DA:261,0
DA:262,0
DA:263,0
DA:264,0
DA:265,0
FN:268,System.Void Helpm8.Core.Tests.HelpManagerFixture::CanChainHelp()
FNDA:0,System.Void Helpm8.Core.Tests.HelpManagerFixture::CanChainHelp()
DA:269,0
DA:271,0
DA:272,0
DA:273,0
DA:274,0
DA:275,0
DA:276,0
DA:277,0
DA:278,0
DA:279,0
DA:280,0
DA:281,0
DA:282,0
DA:283,0
DA:284,0
DA:285,0
DA:287,0
DA:288,0
DA:291,0
DA:292,0
DA:293,0
DA:295,0
DA:296,0
DA:297,0
DA:298,0
DA:299,0
DA:303,0
DA:304,0
DA:305,0
DA:307,0
DA:308,0
FN:313,System.Void Helpm8.Core.Tests.HelpManagerFixture::ChainedAsEnumerateFlattensIntoDictionaryTest(System.Boolean)
FNDA:0,System.Void Helpm8.Core.Tests.HelpManagerFixture::ChainedAsEnumerateFlattensIntoDictionaryTest(System.Boolean)
DA:314,0
DA:316,0
DA:317,0
DA:318,0
DA:319,0
DA:320,0
DA:321,0
DA:322,0
DA:323,0
DA:324,0
DA:325,0
DA:326,0
DA:327,0
DA:328,0
DA:329,0
DA:330,0
DA:331,0
DA:332,0
DA:333,0
DA:334,0
DA:335,0
DA:336,0
DA:337,0
DA:338,0
DA:339,0
DA:341,0
DA:342,0
DA:345,0
DA:346,0
DA:348,0
DA:350,0
DA:351,0
DA:352,0
DA:354,0
DA:357,0
DA:358,0
DA:359,0
DA:360,0
DA:361,0
DA:362,0
DA:363,0
DA:364,0
DA:365,0
DA:366,0
DA:367,0
DA:368,0
FN:373,System.Void Helpm8.Core.Tests.HelpManagerFixture::AsEnumerateFlattensIntoDictionaryTest(System.Boolean)
FNDA:0,System.Void Helpm8.Core.Tests.HelpManagerFixture::AsEnumerateFlattensIntoDictionaryTest(System.Boolean)
DA:374,0
DA:376,0
DA:377,0
DA:378,0
DA:379,0
DA:380,0
DA:381,0
DA:382,0
DA:383,0
DA:384,0
DA:385,0
DA:386,0
DA:387,0
DA:388,0
DA:389,0
DA:390,0
DA:391,0
DA:392,0
DA:393,0
DA:394,0
DA:395,0
DA:396,0
DA:397,0
DA:398,0
DA:399,0
DA:401,0
DA:402,0
DA:405,0
DA:406,0
DA:407,0
DA:408,0
DA:411,0
DA:412,0
DA:413,0
DA:414,0
DA:415,0
DA:416,0
DA:417,0
DA:418,0
DA:419,0
DA:420,0
DA:421,0
DA:422,0
FN:425,System.Void Helpm8.Core.Tests.HelpManagerFixture::AsEnumerateStripsKeyFromChildren()
FNDA:0,System.Void Helpm8.Core.Tests.HelpManagerFixture::AsEnumerateStripsKeyFromChildren()
DA:426,0
DA:428,0
DA:429,0
DA:430,0
DA:431,0
DA:432,0
DA:433,0
DA:434,0
DA:435,0
DA:436,0
DA:437,0
DA:438,0
DA:439,0
DA:440,0
DA:441,0
DA:442,0
DA:443,0
DA:444,0
DA:445,0
DA:446,0
DA:447,0
DA:448,0
DA:449,0
DA:450,0
DA:451,0
DA:452,0
DA:453,0
DA:455,0
DA:456,0
DA:459,0
DA:460,0
DA:461,0
DA:463,0
DA:464,0
DA:465,0
DA:466,0
DA:467,0
DA:469,0
DA:470,0
DA:471,0
DA:472,0
DA:473,0
DA:475,0
DA:476,0
DA:477,0
DA:478,0
DA:479,0
DA:480,0
DA:481,0
DA:482,0
FN:485,System.Void Helpm8.Core.Tests.HelpManagerFixture::NewHelpProviderOverridesOldOneWhenKeyIsDuplicated()
FNDA:0,System.Void Helpm8.Core.Tests.HelpManagerFixture::NewHelpProviderOverridesOldOneWhenKeyIsDuplicated()
DA:486,0
DA:488,0
DA:489,0
DA:490,0
DA:491,0
DA:492,0
DA:493,0
DA:494,0
DA:495,0
DA:496,0
DA:497,0
DA:499,0
DA:500,0
DA:503,0
DA:504,0
DA:507,0
DA:508,0
FN:511,System.Void Helpm8.Core.Tests.HelpManagerFixture::NewHelpRootMayBeBuiltFromExistingWithDuplicateKeys()
FNDA:0,System.Void Helpm8.Core.Tests.HelpManagerFixture::NewHelpRootMayBeBuiltFromExistingWithDuplicateKeys()
DA:512,0
DA:513,0
DA:515,0
DA:516,0
DA:517,0
DA:518,0
DA:519,0
DA:520,0
DA:521,0
DA:522,0
DA:524,0
DA:526,0
DA:528,0
DA:529,0
FN:532,System.Void Helpm8.Core.Tests.HelpManagerFixture::SettingValueUpdatesAllHelpProviders()
FNDA:0,System.Void Helpm8.Core.Tests.HelpManagerFixture::SettingValueUpdatesAllHelpProviders()
DA:533,0
DA:535,0
DA:536,0
DA:537,0
DA:538,0
DA:539,0
DA:541,0
DA:542,0
DA:543,0
DA:545,0
DA:546,0
DA:548,0
DA:549,0
DA:550,0
DA:553,0
DA:554,0
DA:556,0
DA:557,0
DA:558,0
DA:561,0
DA:562,0
DA:563,0
DA:564,0
DA:565,0
DA:566,0
DA:567,0
DA:568,0
DA:569,0
FN:572,System.Void Helpm8.Core.Tests.HelpManagerFixture::CanGetHelpSection()
FNDA:0,System.Void Helpm8.Core.Tests.HelpManagerFixture::CanGetHelpSection()
DA:573,0
DA:575,0
DA:576,0
DA:577,0
DA:578,0
DA:579,0
DA:580,0
DA:581,0
DA:582,0
DA:583,0
DA:584,0
DA:585,0
DA:586,0
DA:587,0
DA:588,0
DA:589,0
DA:590,0
DA:592,0
DA:593,0
DA:595,0
DA:596,0
DA:597,0
DA:600,0
DA:602,0
DA:603,0
DA:604,0
DA:605,0
DA:606,0
DA:609,0
DA:610,0
DA:611,0
DA:613,0
DA:614,0
DA:615,0
DA:616,0
DA:617,0
DA:618,0
FN:621,System.Void Helpm8.Core.Tests.HelpManagerFixture::CanGetHelpChildren()
FNDA:0,System.Void Helpm8.Core.Tests.HelpManagerFixture::CanGetHelpChildren()
DA:622,0
DA:624,0
DA:625,0
DA:626,0
DA:627,0
DA:628,0
DA:629,0
DA:630,0
DA:631,0
DA:632,0
DA:633,0
DA:634,0
DA:635,0
DA:636,0
DA:637,0
DA:638,0
DA:639,0
DA:641,0
DA:642,0
DA:644,0
DA:645,0
DA:646,0
DA:649,0
DA:652,0
DA:653,0
DA:654,0
DA:655,0
DA:656,0
DA:657,0
DA:658,0
FN:661,System.Void Helpm8.Core.Tests.HelpManagerFixture::SourcesReturnsAddedHelpProviders()
FNDA:0,System.Void Helpm8.Core.Tests.HelpManagerFixture::SourcesReturnsAddedHelpProviders()
DA:662,0
DA:664,0
DA:665,0
DA:666,0
DA:667,0
DA:668,0
DA:669,0
DA:670,0
DA:672,0
DA:673,0
DA:678,0
DA:679,0
DA:680,0
DA:681,0
DA:684,0
DA:685,0
FN:688,System.Void Helpm8.Core.Tests.HelpManagerFixture::SetValueThrowsExceptionNoSourceRegistered()
FNDA:0,System.Void Helpm8.Core.Tests.HelpManagerFixture::SetValueThrowsExceptionNoSourceRegistered()
DA:689,0
DA:691,0
DA:694,0
DA:696,0
DA:699,0
DA:702,0
DA:703,0
FN:706,System.Void Helpm8.Core.Tests.HelpManagerFixture::KeyStartingWithColonMeansFirstSectionHasEmptyName()
FNDA:0,System.Void Helpm8.Core.Tests.HelpManagerFixture::KeyStartingWithColonMeansFirstSectionHasEmptyName()
DA:707,0
DA:709,0
DA:710,0
DA:711,0
DA:712,0
DA:713,0
DA:714,0
DA:717,0
DA:720,0
DA:721,0
DA:722,0
DA:723,0
DA:724,0
FN:727,System.Void Helpm8.Core.Tests.HelpManagerFixture::KeyWithDoubleColonHasSectionWithEmptyName()
FNDA:0,System.Void Helpm8.Core.Tests.HelpManagerFixture::KeyWithDoubleColonHasSectionWithEmptyName()
DA:728,0
DA:730,0
DA:731,0
DA:732,0
DA:733,0
DA:735,0
DA:736,0
DA:739,0
DA:742,0
DA:743,0
DA:744,0
DA:745,0
DA:746,0
DA:747,0
DA:748,0
FN:751,System.Void Helpm8.Core.Tests.HelpManagerFixture::KeyEndingWithColonMeansLastSectionHasEmptyName()
FNDA:0,System.Void Helpm8.Core.Tests.HelpManagerFixture::KeyEndingWithColonMeansLastSectionHasEmptyName()
DA:752,0
DA:754,0
DA:755,0
DA:756,0
DA:757,0
DA:759,0
DA:760,0
DA:763,0
DA:766,0
DA:767,0
DA:768,0
DA:769,0
DA:770,0
FN:773,System.Void Helpm8.Core.Tests.HelpManagerFixture::SectionWithValueExists()
FNDA:0,System.Void Helpm8.Core.Tests.HelpManagerFixture::SectionWithValueExists()
DA:774,0
DA:776,0
DA:777,0
DA:778,0
DA:779,0
DA:780,0
DA:781,0
DA:783,0
DA:784,0
DA:787,0
DA:788,0
DA:789,0
DA:792,0
DA:793,0
DA:794,0
DA:795,0
FN:798,System.Void Helpm8.Core.Tests.HelpManagerFixture::SectionWithChildrenExists()
FNDA:0,System.Void Helpm8.Core.Tests.HelpManagerFixture::SectionWithChildrenExists()
DA:799,0
DA:801,0
DA:802,0
DA:803,0
DA:804,0
DA:805,0
DA:806,0
DA:808,0
DA:809,0
DA:812,0
DA:813,0
DA:814,0
DA:817,0
DA:818,0
DA:819,0
DA:820,0
FN:825,System.Void Helpm8.Core.Tests.HelpManagerFixture::KeyWithValueAndWithoutChildrenExistsAsSection(System.String)
FNDA:0,System.Void Helpm8.Core.Tests.HelpManagerFixture::KeyWithValueAndWithoutChildrenExistsAsSection(System.String)
DA:826,0
DA:828,0
DA:829,0
DA:830,0
DA:831,0
DA:833,0
DA:834,0
DA:837,0
DA:840,0
DA:841,0
FN:844,System.Void Helpm8.Core.Tests.HelpManagerFixture::KeyWithNullValueAndWithoutChildrenIsASectionButNotExists()
FNDA:0,System.Void Helpm8.Core.Tests.HelpManagerFixture::KeyWithNullValueAndWithoutChildrenIsASectionButNotExists()
DA:845,0
DA:847,0
DA:848,0
DA:849,0
DA:850,0
DA:852,0
DA:853,0
DA:856,0
DA:857,0
DA:858,0
DA:861,0
DA:862,0
DA:863,0
DA:864,0
FN:867,System.Void Helpm8.Core.Tests.HelpManagerFixture::SectionWithChildrenHasNullValue()
FNDA:0,System.Void Helpm8.Core.Tests.HelpManagerFixture::SectionWithChildrenHasNullValue()
DA:868,0
DA:870,0
DA:871,0
DA:872,0
DA:873,0
DA:876,0
DA:877,0
DA:880,0
DA:883,0
DA:884,0
FN:887,System.Void Helpm8.Core.Tests.HelpManagerFixture::ProviderWithNullReloadToken()
FNDA:0,System.Void Helpm8.Core.Tests.HelpManagerFixture::ProviderWithNullReloadToken()
DA:888,0
DA:890,0
DA:891,0
DA:894,0
DA:895,0
FN:898,System.Void Helpm8.Core.Tests.HelpManagerFixture::BuildReturnsThis()
FNDA:0,System.Void Helpm8.Core.Tests.HelpManagerFixture::BuildReturnsThis()
DA:899,0
DA:901,0
DA:904,0
DA:905,0
FN:908,System.Void Helpm8.Core.Tests.HelpManagerFixture::ClearHelpSources()
FNDA:0,System.Void Helpm8.Core.Tests.HelpManagerFixture::ClearHelpSources()
DA:909,0
DA:911,0
DA:912,0
DA:913,0
DA:914,0
DA:915,0
DA:916,0
DA:917,0
DA:918,0
DA:920,0
DA:921,0
DA:923,0
DA:924,0
DA:926,0
DA:927,0
DA:930,0
DA:933,0
DA:934,0
DA:935,0
DA:936,0
DA:937,0
FN:939,System.String Helpm8.Core.Tests.HelpManagerFixture::Get(Helpm8.IHelpProvider,System.String)
FNDA:0,System.String Helpm8.Core.Tests.HelpManagerFixture::Get(Helpm8.IHelpProvider,System.String)
DA:940,0
DA:941,0
DA:942,0
DA:943,0
DA:946,0
DA:947,0
BRDA:941,15,0,0
BRDA:941,15,1,0
FN:958,Helpm8.IHelpProvider Helpm8.Core.Tests.HelpManagerFixture/TestHelpSource::Build(Helpm8.IHelpBuilder)
FNDA:0,Helpm8.IHelpProvider Helpm8.Core.Tests.HelpManagerFixture/TestHelpSource::Build(Helpm8.IHelpBuilder)
DA:959,0
DA:960,0
DA:961,0
FN:952,System.Void Helpm8.Core.Tests.HelpManagerFixture/TestHelpSource::.ctor(Helpm8.IHelpProvider)
FNDA:0,System.Void Helpm8.Core.Tests.HelpManagerFixture/TestHelpSource::.ctor(Helpm8.IHelpProvider)
DA:953,0
DA:954,0
DA:955,0
DA:956,0
FN:965,System.Void Helpm8.Core.Tests.HelpManagerFixture/TestHelpProvider::.ctor(System.String,System.String)
FNDA:0,System.Void Helpm8.Core.Tests.HelpManagerFixture/TestHelpProvider::.ctor(System.String,System.String)
DA:966,0
DA:967,0
FN:976,Helpm8.IHelpProvider Helpm8.Core.Tests.HelpManagerFixture/TestInMemoryHelpSourceProvider::Build(Helpm8.IHelpBuilder)
FNDA:0,Helpm8.IHelpProvider Helpm8.Core.Tests.HelpManagerFixture/TestInMemoryHelpSourceProvider::Build(Helpm8.IHelpBuilder)
DA:977,0
DA:978,0
DA:979,0
FN:972,System.Void Helpm8.Core.Tests.HelpManagerFixture/TestInMemoryHelpSourceProvider::.ctor(System.Collections.Generic.Dictionary`2<System.String,System.String>)
FNDA:0,System.Void Helpm8.Core.Tests.HelpManagerFixture/TestInMemoryHelpSourceProvider::.ctor(System.Collections.Generic.Dictionary`2<System.String,System.String>)
DA:973,0
DA:974,0
FN:983,System.Boolean Helpm8.Core.Tests.HelpManagerFixture/DisposableTestHelpProvider::get_IsDisposed()
FNDA:0,System.Boolean Helpm8.Core.Tests.HelpManagerFixture/DisposableTestHelpProvider::get_IsDisposed()
DA:984,0
FN:989,System.Void Helpm8.Core.Tests.HelpManagerFixture/DisposableTestHelpProvider::Dispose()
FNDA:0,System.Void Helpm8.Core.Tests.HelpManagerFixture/DisposableTestHelpProvider::Dispose()
DA:990,0
FN:985,System.Void Helpm8.Core.Tests.HelpManagerFixture/DisposableTestHelpProvider::.ctor(System.String,System.String)
FNDA:0,System.Void Helpm8.Core.Tests.HelpManagerFixture/DisposableTestHelpProvider::.ctor(System.String,System.String)
DA:986,0
DA:987,0
FN:1005,System.Threading.Tasks.Task Helpm8.Core.Tests.HelpManagerFixture/BlockLoadOnMreProvider::get_LoadStartedTask()
FNDA:0,System.Threading.Tasks.Task Helpm8.Core.Tests.HelpManagerFixture/BlockLoadOnMreProvider::get_LoadStartedTask()
DA:1006,0
FN:1008,System.Void Helpm8.Core.Tests.HelpManagerFixture/BlockLoadOnMreProvider::Load()
FNDA:0,System.Void Helpm8.Core.Tests.HelpManagerFixture/BlockLoadOnMreProvider::Load()
DA:1009,0
DA:1010,0
DA:1011,0
DA:1012,0
FN:997,System.Void Helpm8.Core.Tests.HelpManagerFixture/BlockLoadOnMreProvider::.ctor(System.Threading.ManualResetEventSlim,System.TimeSpan)
FNDA:0,System.Void Helpm8.Core.Tests.HelpManagerFixture/BlockLoadOnMreProvider::.ctor(System.Threading.ManualResetEventSlim,System.TimeSpan)
DA:998,0
DA:1000,0
DA:1001,0
DA:1002,0
DA:1003,0
DA:1004,0
FN:1027,System.Threading.Tasks.Task Helpm8.Core.Tests.HelpManagerFixture/BlockReadOnMreProvider::get_ReadStartedTask()
FNDA:0,System.Threading.Tasks.Task Helpm8.Core.Tests.HelpManagerFixture/BlockReadOnMreProvider::get_ReadStartedTask()
DA:1028,0
FN:1029,System.Boolean Helpm8.Core.Tests.HelpManagerFixture/BlockReadOnMreProvider::get_IsDisposed()
FNDA:0,System.Boolean Helpm8.Core.Tests.HelpManagerFixture/BlockReadOnMreProvider::get_IsDisposed()
DA:1030,0
FN:1034,System.Boolean Helpm8.Core.Tests.HelpManagerFixture/BlockReadOnMreProvider::TryGet(System.String,System.String&)
FNDA:0,System.Boolean Helpm8.Core.Tests.HelpManagerFixture/BlockReadOnMreProvider::TryGet(System.String,System.String&)
DA:1035,0
DA:1036,0
DA:1037,0
DA:1038,0
DA:1039,0
FN:1043,System.Collections.Generic.IEnumerable`1<System.String> Helpm8.Core.Tests.HelpManagerFixture/BlockReadOnMreProvider::GetChildKeys(System.Collections.Generic.IEnumerable`1<System.String>,System.String)
FNDA:0,System.Collections.Generic.IEnumerable`1<System.String> Helpm8.Core.Tests.HelpManagerFixture/BlockReadOnMreProvider::GetChildKeys(System.Collections.Generic.IEnumerable`1<System.String>,System.String)
DA:1044,0
DA:1045,0
DA:1046,0
DA:1047,0
DA:1048,0
FN:1049,System.Void Helpm8.Core.Tests.HelpManagerFixture/BlockReadOnMreProvider::Dispose()
FNDA:0,System.Void Helpm8.Core.Tests.HelpManagerFixture/BlockReadOnMreProvider::Dispose()
DA:1050,0
FN:1019,System.Void Helpm8.Core.Tests.HelpManagerFixture/BlockReadOnMreProvider::.ctor(System.Threading.ManualResetEventSlim,System.TimeSpan)
FNDA:0,System.Void Helpm8.Core.Tests.HelpManagerFixture/BlockReadOnMreProvider::.ctor(System.Threading.ManualResetEventSlim,System.TimeSpan)
DA:1020,0
DA:1022,0
DA:1023,0
DA:1024,0
DA:1025,0
DA:1026,0
FN:123,Helpm8.IHelpBuilder Helpm8.Core.Tests.HelpManagerFixture/<>c__DisplayClass4_0::<ProviderCanBlockLoadWaitingOnConcurrentRead>b__0()
FNDA:0,Helpm8.IHelpBuilder Helpm8.Core.Tests.HelpManagerFixture/<>c__DisplayClass4_0::<ProviderCanBlockLoadWaitingOnConcurrentRead>b__0()
DA:124,0
FN:162,System.Void Helpm8.Core.Tests.HelpManagerFixture/<>c__DisplayClass7_0::<ProviderDisposeDelayedWaitingOnConcurrentRead>b__0()
FNDA:0,System.Void Helpm8.Core.Tests.HelpManagerFixture/<>c__DisplayClass7_0::<ProviderDisposeDelayedWaitingOnConcurrentRead>b__0()
DA:163,0
FN:115,System.Void Helpm8.Core.Tests.HelpManagerFixture/<ProviderCanBlockLoadWaitingOnConcurrentRead>d__4::MoveNext()
FNDA:0,System.Void Helpm8.Core.Tests.HelpManagerFixture/<ProviderCanBlockLoadWaitingOnConcurrentRead>d__4::MoveNext()
DA:116,0
DA:117,0
DA:118,0
DA:120,0
DA:121,0
DA:125,0
DA:128,0
DA:131,0
DA:134,0
DA:135,0
FN:152,System.Void Helpm8.Core.Tests.HelpManagerFixture/<ProviderDisposeDelayedWaitingOnConcurrentRead>d__7::MoveNext()
FNDA:0,System.Void Helpm8.Core.Tests.HelpManagerFixture/<ProviderDisposeDelayedWaitingOnConcurrentRead>d__7::MoveNext()
DA:153,0
DA:154,0
DA:155,0
DA:157,0
DA:158,0
DA:160,0
DA:164,0
DA:167,0
DA:169,0
DA:172,0
DA:175,0
DA:178,0
DA:179,0
LF:671
LH:0
BRF:2
BRH:0
FNF:52
FNH:0
end_of_record
SF:D:\proj\Helpm8\src\libraries\Helpm8.Core.Tests\HelpPathFixture.cs
FN:8,System.Void Helpm8.Core.Tests.HelpPathFixture::CombineWithEmptySegmentLeavesDelimiter()
FNDA:0,System.Void Helpm8.Core.Tests.HelpPathFixture::CombineWithEmptySegmentLeavesDelimiter()
DA:9,0
DA:10,0
DA:11,0
DA:12,0
DA:13,0
FN:16,System.Void Helpm8.Core.Tests.HelpPathFixture::GetLastSegmenGetSectionKeyTests()
FNDA:0,System.Void Helpm8.Core.Tests.HelpPathFixture::GetLastSegmenGetSectionKeyTests()
DA:17,0
DA:18,0
DA:19,0
DA:20,0
DA:21,0
DA:22,0
DA:23,0
DA:24,0
DA:25,0
DA:26,0
DA:27,0
FN:30,System.Void Helpm8.Core.Tests.HelpPathFixture::GetParentPathTests()
FNDA:0,System.Void Helpm8.Core.Tests.HelpPathFixture::GetParentPathTests()
DA:31,0
DA:32,0
DA:33,0
DA:34,0
DA:35,0
DA:36,0
DA:37,0
DA:38,0
DA:39,0
DA:40,0
DA:41,0
LF:27
LH:0
BRF:0
BRH:0
FNF:3
FNH:0
end_of_record
SF:D:\proj\Helpm8\src\libraries\Helpm8.Core.Tests\HelpProviderExtensions.cs
FN:7,System.String Helpm8.Core.Tests.HelpProviderExtensions::Get(Helpm8.IHelpProvider,System.String)
FNDA:0,System.String Helpm8.Core.Tests.HelpProviderExtensions::Get(Helpm8.IHelpProvider,System.String)
DA:8,0
DA:9,0
DA:10,0
DA:11,0
DA:14,0
DA:15,0
BRDA:9,15,0,0
BRDA:9,15,1,0
LF:6
LH:0
BRF:2
BRH:0
FNF:1
FNH:0
end_of_record
SF:D:\proj\Helpm8\src\libraries\Helpm8.Core.Tests\HelpProviderFixtureBase.cs
FN:12,System.Void Helpm8.Core.Tests.HelpProviderFixtureBase::Load_from_single_provider()
FNDA:1,System.Void Helpm8.Core.Tests.HelpProviderFixtureBase::Load_from_single_provider()
DA:13,1
DA:14,1
DA:16,1
DA:17,1
FN:20,System.Void Helpm8.Core.Tests.HelpProviderFixtureBase::Has_debug_view()
FNDA:1,System.Void Helpm8.Core.Tests.HelpProviderFixtureBase::Has_debug_view()
DA:21,1
DA:22,1
DA:23,1
DA:25,1
DA:26,1
DA:27,1
DA:28,1
DA:29,1
DA:30,1
DA:31,1
DA:32,1
DA:33,1
DA:34,1
DA:35,1
DA:36,1
DA:37,1
DA:38,1
DA:40,1
DA:41,1
FN:44,System.Void Helpm8.Core.Tests.HelpProviderFixtureBase::Null_values_are_included_in_the_help()
FNDA:1,System.Void Helpm8.Core.Tests.HelpProviderFixtureBase::Null_values_are_included_in_the_help()
DA:45,1
DA:46,1
DA:47,1
FN:50,System.Void Helpm8.Core.Tests.HelpProviderFixtureBase::Combine_after_other_provider()
FNDA:1,System.Void Helpm8.Core.Tests.HelpProviderFixtureBase::Combine_after_other_provider()
DA:51,1
DA:52,1
DA:53,1
DA:54,1
DA:55,1
DA:57,1
DA:58,1
DA:59,1
DA:60,1
DA:61,1
FN:64,System.Void Helpm8.Core.Tests.HelpProviderFixtureBase::Combine_before_other_provider()
FNDA:1,System.Void Helpm8.Core.Tests.HelpProviderFixtureBase::Combine_before_other_provider()
DA:65,1
DA:66,1
DA:67,1
DA:68,1
DA:69,1
DA:71,1
DA:72,1
DA:73,1
DA:74,1
DA:75,1
FN:78,System.Void Helpm8.Core.Tests.HelpProviderFixtureBase::Second_provider_overrides_values_from_first()
FNDA:1,System.Void Helpm8.Core.Tests.HelpProviderFixtureBase::Second_provider_overrides_values_from_first()
DA:79,1
DA:80,1
DA:81,1
DA:82,1
DA:83,1
DA:84,1
FN:87,System.Void Helpm8.Core.Tests.HelpProviderFixtureBase::Combining_from_multiple_providers_is_case_insensitive()
FNDA:1,System.Void Helpm8.Core.Tests.HelpProviderFixtureBase::Combining_from_multiple_providers_is_case_insensitive()
DA:88,1
DA:89,1
DA:90,1
DA:91,1
DA:92,1
DA:93,1
FN:96,System.Void Helpm8.Core.Tests.HelpProviderFixtureBase::Load_from_single_provider_with_duplicates_throws()
FNDA:0,System.Void Helpm8.Core.Tests.HelpProviderFixtureBase::Load_from_single_provider_with_duplicates_throws()
DA:97,0
DA:98,0
DA:99,0
DA:100,0
FN:103,System.Void Helpm8.Core.Tests.HelpProviderFixtureBase::Load_from_single_provider_with_differing_case_duplicates_throws()
FNDA:1,System.Void Helpm8.Core.Tests.HelpProviderFixtureBase::Load_from_single_provider_with_differing_case_duplicates_throws()
DA:104,1
DA:105,1
DA:106,2
DA:107,1
FN:109,System.Void Helpm8.Core.Tests.HelpProviderFixtureBase::AssertFormatOrArgumentException(System.Action)
FNDA:1,System.Void Helpm8.Core.Tests.HelpProviderFixtureBase::AssertFormatOrArgumentException(System.Action)
DA:110,1
DA:111,1
DA:113,1
DA:114,1
DA:115,0
DA:116,1
DA:117,1
DA:118,1
DA:119,1
DA:121,1
DA:122,1
DA:123,1
BRDA:121,27,0,1
BRDA:121,27,1,0
FN:158,System.Void Helpm8.Core.Tests.HelpProviderFixtureBase::AssertDebugView(Helpm8.IHelpRoot,System.String)
FNDA:1,System.Void Helpm8.Core.Tests.HelpProviderFixtureBase::AssertDebugView(Helpm8.IHelpRoot,System.String)
DA:159,1
DA:162,1
DA:164,1
DA:165,1
DA:166,1
DA:167,1
FN:172,System.Void Helpm8.Core.Tests.HelpProviderFixtureBase::AssertHelp(Helpm8.IHelpRoot,System.Boolean,System.String)
FNDA:9,System.Void Helpm8.Core.Tests.HelpProviderFixtureBase::AssertHelp(Helpm8.IHelpRoot,System.Boolean,System.String)
DA:173,9
DA:174,9
DA:175,9
DA:176,9
DA:177,9
DA:178,9
DA:179,9
DA:180,9
DA:182,9
DA:183,9
DA:184,9
DA:185,9
DA:186,9
DA:187,9
DA:188,9
DA:190,9
DA:191,9
DA:192,9
DA:193,9
DA:194,9
DA:195,9
DA:196,9
DA:197,9
DA:199,9
DA:200,9
DA:201,9
DA:202,9
DA:203,9
DA:204,9
DA:205,9
DA:207,9
DA:208,9
DA:209,9
DA:210,9
DA:211,9
DA:212,9
DA:213,9
DA:215,9
DA:216,9
DA:217,9
DA:218,9
DA:219,9
DA:220,9
DA:222,9
DA:223,9
DA:224,9
DA:226,9
DA:227,9
DA:228,9
DA:229,9
DA:231,9
DA:232,9
DA:233,9
DA:234,9
DA:236,9
DA:238,9
DA:240,9
DA:241,9
DA:242,9
DA:244,9
DA:245,9
DA:246,9
DA:248,9
DA:249,9
DA:250,9
DA:252,9
DA:254,9
DA:256,9
DA:257,9
DA:258,9
DA:260,9
DA:261,9
DA:262,9
DA:264,9
DA:266,9
DA:268,9
DA:269,9
DA:270,9
DA:272,9
DA:273,9
DA:274,9
DA:276,9
DA:278,9
DA:280,9
DA:281,9
DA:282,9
DA:284,9
DA:285,9
DA:286,9
DA:288,9
DA:289,9
DA:290,9
DA:292,9
DA:294,9
DA:296,9
DA:297,9
DA:298,9
DA:300,9
DA:302,9
DA:304,9
DA:305,9
DA:306,9
DA:307,9
BRDA:174,2,0,8
BRDA:174,2,1,1
BRDA:175,14,0,8
BRDA:175,14,1,1
BRDA:176,26,0,8
BRDA:176,26,1,1
BRDA:177,38,0,8
BRDA:177,38,1,1
BRDA:178,50,0,8
BRDA:178,50,1,1
BRDA:179,63,0,8
BRDA:179,63,1,1
BRDA:180,76,0,8
BRDA:180,76,1,1
FN:312,Helpm8.IHelpRoot Helpm8.Core.Tests.HelpProviderFixtureBase::BuildHelpRoot(System.ValueTuple`2<Helpm8.IHelpProvider,System.Action>[])
FNDA:12,Helpm8.IHelpRoot Helpm8.Core.Tests.HelpProviderFixtureBase::BuildHelpRoot(System.ValueTuple`2<Helpm8.IHelpProvider,System.Action>[])
DA:313,12
DA:314,30
DA:316,89
DA:317,18
DA:318,18
DA:319,17
DA:321,11
DA:322,11
BRDA:316,117,1,18
BRDA:316,117,0,11
FN:324,System.ValueTuple`2<Helpm8.IHelpProvider,System.Action> Helpm8.Core.Tests.HelpProviderFixtureBase::LoadUsingInMemoryProvider(Helpm8.Core.Tests.HelpProviderFixtureBase/TestSection)
FNDA:6,System.ValueTuple`2<Helpm8.IHelpProvider,System.Action> Helpm8.Core.Tests.HelpProviderFixtureBase::LoadUsingInMemoryProvider(Helpm8.Core.Tests.HelpProviderFixtureBase/TestSection)
DA:325,6
DA:326,6
DA:327,6
DA:329,6
DA:330,6
DA:331,6
DA:332,6
DA:333,6
DA:334,12
DA:335,6
DA:336,6
FN:341,System.Void Helpm8.Core.Tests.HelpProviderFixtureBase::SectionToValues(Helpm8.Core.Tests.HelpProviderFixtureBase/TestSection,System.String,System.Collections.Generic.IList`1<System.Collections.Generic.KeyValuePair`2<System.String,System.String>>)
FNDA:28,System.Void Helpm8.Core.Tests.HelpProviderFixtureBase::SectionToValues(Helpm8.Core.Tests.HelpProviderFixtureBase/TestSection,System.String,System.Collections.Generic.IList`1<System.Collections.Generic.KeyValuePair`2<System.String,System.String>>)
DA:342,28
DA:343,178
DA:344,34
DA:345,34
DA:346,34
DA:348,128
DA:349,22
DA:350,22
DA:351,22
DA:352,22
DA:353,22
DA:354,22
DA:355,28
BRDA:343,97,1,34
BRDA:343,97,0,28
BRDA:348,172,1,22
BRDA:348,172,0,28
FN:159,System.String Helpm8.Core.Tests.HelpProviderFixtureBase::<AssertDebugView>g__RemoveLineEnds|15_0(System.String)
FNDA:2,System.String Helpm8.Core.Tests.HelpProviderFixtureBase::<AssertDebugView>g__RemoveLineEnds|15_0(System.String)
DA:160,2
FN:126,System.String Helpm8.Core.Tests.HelpProviderFixtureBase/AsOptions::get_Key1()
FNDA:0,System.String Helpm8.Core.Tests.HelpProviderFixtureBase/AsOptions::get_Key1()
DA:127,0
FN:128,Helpm8.Core.Tests.HelpProviderFixtureBase/Section1AsOptions Helpm8.Core.Tests.HelpProviderFixtureBase/AsOptions::get_Section1()
FNDA:0,Helpm8.Core.Tests.HelpProviderFixtureBase/Section1AsOptions Helpm8.Core.Tests.HelpProviderFixtureBase/AsOptions::get_Section1()
DA:129,0
FN:129,Helpm8.Core.Tests.HelpProviderFixtureBase/Section3AsOptions Helpm8.Core.Tests.HelpProviderFixtureBase/AsOptions::get_Section3()
FNDA:0,Helpm8.Core.Tests.HelpProviderFixtureBase/Section3AsOptions Helpm8.Core.Tests.HelpProviderFixtureBase/AsOptions::get_Section3()
DA:130,0
FN:134,System.String Helpm8.Core.Tests.HelpProviderFixtureBase/Section1AsOptions::get_Key2()
FNDA:0,System.String Helpm8.Core.Tests.HelpProviderFixtureBase/Section1AsOptions::get_Key2()
DA:135,0
FN:136,Helpm8.Core.Tests.HelpProviderFixtureBase/Section2AsOptions Helpm8.Core.Tests.HelpProviderFixtureBase/Section1AsOptions::get_Section2()
FNDA:0,Helpm8.Core.Tests.HelpProviderFixtureBase/Section2AsOptions Helpm8.Core.Tests.HelpProviderFixtureBase/Section1AsOptions::get_Section2()
DA:137,0
FN:141,System.String Helpm8.Core.Tests.HelpProviderFixtureBase/Section2AsOptions::get_Key3()
FNDA:0,System.String Helpm8.Core.Tests.HelpProviderFixtureBase/Section2AsOptions::get_Key3()
DA:142,0
FN:142,System.String[] Helpm8.Core.Tests.HelpProviderFixtureBase/Section2AsOptions::get_Key3a()
FNDA:0,System.String[] Helpm8.Core.Tests.HelpProviderFixtureBase/Section2AsOptions::get_Key3a()
DA:143,0
FN:147,Helpm8.Core.Tests.HelpProviderFixtureBase/Section4AsOptions Helpm8.Core.Tests.HelpProviderFixtureBase/Section3AsOptions::get_Section4()
FNDA:0,Helpm8.Core.Tests.HelpProviderFixtureBase/Section4AsOptions Helpm8.Core.Tests.HelpProviderFixtureBase/Section3AsOptions::get_Section4()
DA:148,0
FN:152,System.String Helpm8.Core.Tests.HelpProviderFixtureBase/Section4AsOptions::get_Key4()
FNDA:0,System.String Helpm8.Core.Tests.HelpProviderFixtureBase/Section4AsOptions::get_Key4()
DA:153,0
FN:358,System.Object Helpm8.Core.Tests.HelpProviderFixtureBase/TestKeyValue::get_Value()
FNDA:210,System.Object Helpm8.Core.Tests.HelpProviderFixtureBase/TestKeyValue::get_Value()
DA:359,210
FN:370,Helpm8.Core.Tests.HelpProviderFixtureBase/TestKeyValue Helpm8.Core.Tests.HelpProviderFixtureBase/TestKeyValue::op_Implicit(System.String)
FNDA:43,Helpm8.Core.Tests.HelpProviderFixtureBase/TestKeyValue Helpm8.Core.Tests.HelpProviderFixtureBase/TestKeyValue::op_Implicit(System.String)
DA:371,43
FN:371,Helpm8.Core.Tests.HelpProviderFixtureBase/TestKeyValue Helpm8.Core.Tests.HelpProviderFixtureBase/TestKeyValue::op_Implicit(System.String[])
FNDA:14,Helpm8.Core.Tests.HelpProviderFixtureBase/TestKeyValue Helpm8.Core.Tests.HelpProviderFixtureBase/TestKeyValue::op_Implicit(System.String[])
DA:372,14
FN:373,System.String[] Helpm8.Core.Tests.HelpProviderFixtureBase/TestKeyValue::get_AsArray()
FNDA:140,System.String[] Helpm8.Core.Tests.HelpProviderFixtureBase/TestKeyValue::get_AsArray()
DA:374,140
FN:375,System.String Helpm8.Core.Tests.HelpProviderFixtureBase/TestKeyValue::get_AsString()
FNDA:70,System.String Helpm8.Core.Tests.HelpProviderFixtureBase/TestKeyValue::get_AsString()
DA:376,70
FN:360,System.Void Helpm8.Core.Tests.HelpProviderFixtureBase/TestKeyValue::.ctor(System.String)
FNDA:47,System.Void Helpm8.Core.Tests.HelpProviderFixtureBase/TestKeyValue::.ctor(System.String)
DA:361,47
DA:362,47
DA:363,47
DA:364,47
FN:365,System.Void Helpm8.Core.Tests.HelpProviderFixtureBase/TestKeyValue::.ctor(System.String[])
FNDA:14,System.Void Helpm8.Core.Tests.HelpProviderFixtureBase/TestKeyValue::.ctor(System.String[])
DA:366,14
DA:367,14
DA:368,14
DA:369,14
FN:378,System.Boolean Helpm8.Core.Tests.HelpProviderFixtureBase/TestKeyValue/<Expand>d__11::MoveNext()
FNDA:26,System.Boolean Helpm8.Core.Tests.HelpProviderFixtureBase/TestKeyValue/<Expand>d__11::MoveNext()
DA:379,26
DA:380,26
DA:381,20
DA:382,20
DA:383,20
DA:385,6
DA:386,40
DA:387,14
DA:388,14
DA:389,14
DA:390,6
DA:391,26
BRDA:380,62,0,20
BRDA:380,62,1,6
BRDA:386,235,1,14
BRDA:386,235,0,6
FN:395,System.Collections.Generic.IEnumerable`1<System.ValueTuple`2<System.String,Helpm8.Core.Tests.HelpProviderFixtureBase/TestKeyValue>> Helpm8.Core.Tests.HelpProviderFixtureBase/TestSection::get_Values()
FNDA:132,System.Collections.Generic.IEnumerable`1<System.ValueTuple`2<System.String,Helpm8.Core.Tests.HelpProviderFixtureBase/TestKeyValue>> Helpm8.Core.Tests.HelpProviderFixtureBase/TestSection::get_Values()
DA:396,132
FN:398,System.Collections.Generic.IEnumerable`1<System.ValueTuple`2<System.String,Helpm8.Core.Tests.HelpProviderFixtureBase/TestSection>> Helpm8.Core.Tests.HelpProviderFixtureBase/TestSection::get_Sections()
FNDA:119,System.Collections.Generic.IEnumerable`1<System.ValueTuple`2<System.String,Helpm8.Core.Tests.HelpProviderFixtureBase/TestSection>> Helpm8.Core.Tests.HelpProviderFixtureBase/TestSection::get_Sections()
DA:399,119
FN:401,Helpm8.Core.Tests.HelpProviderFixtureBase/TestSection Helpm8.Core.Tests.HelpProviderFixtureBase/TestSection::get_TestHelp()
FNDA:4,Helpm8.Core.Tests.HelpProviderFixtureBase/TestSection Helpm8.Core.Tests.HelpProviderFixtureBase/TestSection::get_TestHelp()
DA:402,4
FN:435,Helpm8.Core.Tests.HelpProviderFixtureBase/TestSection Helpm8.Core.Tests.HelpProviderFixtureBase/TestSection::get_NoValuesTestHelp()
FNDA:1,Helpm8.Core.Tests.HelpProviderFixtureBase/TestSection Helpm8.Core.Tests.HelpProviderFixtureBase/TestSection::get_NoValuesTestHelp()
DA:436,1
FN:469,Helpm8.Core.Tests.HelpProviderFixtureBase/TestSection Helpm8.Core.Tests.HelpProviderFixtureBase/TestSection::get_MissingSection2ValuesHelp()
FNDA:4,Helpm8.Core.Tests.HelpProviderFixtureBase/TestSection Helpm8.Core.Tests.HelpProviderFixtureBase/TestSection::get_MissingSection2ValuesHelp()
DA:470,4
FN:503,Helpm8.Core.Tests.HelpProviderFixtureBase/TestSection Helpm8.Core.Tests.HelpProviderFixtureBase/TestSection::get_MissingSection4Help()
FNDA:4,Helpm8.Core.Tests.HelpProviderFixtureBase/TestSection Helpm8.Core.Tests.HelpProviderFixtureBase/TestSection::get_MissingSection4Help()
DA:504,4
FN:528,Helpm8.Core.Tests.HelpProviderFixtureBase/TestSection Helpm8.Core.Tests.HelpProviderFixtureBase/TestSection::get_DifferentCasedTestHelp()
FNDA:1,Helpm8.Core.Tests.HelpProviderFixtureBase/TestSection Helpm8.Core.Tests.HelpProviderFixtureBase/TestSection::get_DifferentCasedTestHelp()
DA:529,1
FN:562,Helpm8.Core.Tests.HelpProviderFixtureBase/TestSection Helpm8.Core.Tests.HelpProviderFixtureBase/TestSection::get_DuplicatesTestHelp()
FNDA:1,Helpm8.Core.Tests.HelpProviderFixtureBase/TestSection Helpm8.Core.Tests.HelpProviderFixtureBase/TestSection::get_DuplicatesTestHelp()
DA:563,1
FN:609,Helpm8.Core.Tests.HelpProviderFixtureBase/TestSection Helpm8.Core.Tests.HelpProviderFixtureBase/TestSection::get_DuplicatesTestHelpWithReplacingValues()
FNDA:1,Helpm8.Core.Tests.HelpProviderFixtureBase/TestSection Helpm8.Core.Tests.HelpProviderFixtureBase/TestSection::get_DuplicatesTestHelpWithReplacingValues()
DA:610,1
FN:656,Helpm8.Core.Tests.HelpProviderFixtureBase/TestSection Helpm8.Core.Tests.HelpProviderFixtureBase/TestSection::get_DuplicatesDifferentCaseTestHelp()
FNDA:1,Helpm8.Core.Tests.HelpProviderFixtureBase/TestSection Helpm8.Core.Tests.HelpProviderFixtureBase/TestSection::get_DuplicatesDifferentCaseTestHelp()
DA:657,1
FN:703,Helpm8.Core.Tests.HelpProviderFixtureBase/TestSection Helpm8.Core.Tests.HelpProviderFixtureBase/TestSection::get_NullsTestHelp()
FNDA:1,Helpm8.Core.Tests.HelpProviderFixtureBase/TestSection Helpm8.Core.Tests.HelpProviderFixtureBase/TestSection::get_NullsTestHelp()
DA:704,1
FN:737,Helpm8.Core.Tests.HelpProviderFixtureBase/TestSection Helpm8.Core.Tests.HelpProviderFixtureBase/TestSection::get_ExtraValuesTestHelp()
FNDA:0,Helpm8.Core.Tests.HelpProviderFixtureBase/TestSection Helpm8.Core.Tests.HelpProviderFixtureBase/TestSection::get_ExtraValuesTestHelp()
DA:738,0
FN:396,System.Void Helpm8.Core.Tests.HelpProviderFixtureBase/TestSection::.ctor()
FNDA:54,System.Void Helpm8.Core.Tests.HelpProviderFixtureBase/TestSection::.ctor()
DA:397,54
DA:400,54
FN:402,System.Void Helpm8.Core.Tests.HelpProviderFixtureBase/TestSection::.cctor()
FNDA:1,System.Void Helpm8.Core.Tests.HelpProviderFixtureBase/TestSection::.cctor()
DA:403,1
DA:404,1
DA:405,1
DA:406,1
DA:407,1
DA:408,1
DA:409,1
DA:410,1
DA:411,1
DA:412,1
DA:413,1
DA:414,1
DA:415,1
DA:416,1
DA:417,1
DA:418,1
DA:419,1
DA:420,1
DA:421,1
DA:422,1
DA:423,1
DA:424,1
DA:425,1
DA:426,1
DA:427,1
DA:428,1
DA:429,1
DA:430,1
DA:431,1
DA:432,1
DA:433,1
DA:434,1
DA:437,1
DA:438,1
DA:439,1
DA:440,1
DA:441,1
DA:442,1
DA:443,1
DA:444,1
DA:445,1
DA:446,1
DA:447,1
DA:448,1
DA:449,1
DA:450,1
DA:451,1
DA:452,1
DA:453,1
DA:454,1
DA:455,1
DA:456,1
DA:457,1
DA:458,1
DA:459,1
DA:460,1
DA:461,1
DA:462,1
DA:463,1
DA:464,1
DA:465,1
DA:466,1
DA:467,1
DA:468,1
DA:471,1
DA:472,1
DA:473,1
DA:474,1
DA:475,1
DA:476,1
DA:477,1
DA:478,1
DA:479,1
DA:480,1
DA:481,1
DA:482,1
DA:483,1
DA:484,1
DA:485,1
DA:486,1
DA:487,1
DA:488,1
DA:489,1
DA:490,1
DA:491,1
DA:492,1
DA:493,1
DA:494,1
DA:495,1
DA:496,1
DA:497,1
DA:498,1
DA:499,1
DA:500,1
DA:501,1
DA:505,1
DA:506,1
DA:507,1
DA:508,1
DA:509,1
DA:510,1
DA:511,1
DA:512,1
DA:513,1
DA:514,1
DA:515,1
DA:516,1
DA:517,1
DA:518,1
DA:519,1
DA:520,1
DA:521,1
DA:522,1
DA:523,1
DA:524,1
DA:525,1
DA:526,1
DA:527,1
DA:530,1
DA:531,1
DA:532,1
DA:533,1
DA:534,1
DA:535,1
DA:536,1
DA:537,1
DA:538,1
DA:539,1
DA:540,1
DA:541,1
DA:542,1
DA:543,1
DA:544,1
DA:545,1
DA:546,1
DA:547,1
DA:548,1
DA:549,1
DA:550,1
DA:551,1
DA:552,1
DA:553,1
DA:554,1
DA:555,1
DA:556,1
DA:557,1
DA:558,1
DA:559,1
DA:560,1
DA:561,1
DA:564,1
DA:565,1
DA:566,1
DA:567,1
DA:568,1
DA:569,1
DA:570,1
DA:571,1
DA:572,1
DA:573,1
DA:574,1
DA:575,1
DA:576,1
DA:577,1
DA:578,1
DA:579,1
DA:580,1
DA:581,1
DA:582,1
DA:583,1
DA:584,1
DA:585,1
DA:586,1
DA:587,1
DA:588,1
DA:589,1
DA:590,1
DA:591,1
DA:592,1
DA:593,1
DA:594,1
DA:595,1
DA:596,1
DA:597,1
DA:598,1
DA:599,1
DA:600,1
DA:601,1
DA:602,1
DA:603,1
DA:604,1
DA:605,1
DA:606,1
DA:607,1
DA:608,1
DA:611,1
DA:612,1
DA:613,1
DA:614,1
DA:615,1
DA:616,1
DA:617,1
DA:618,1
DA:619,1
DA:620,1
DA:621,1
DA:622,1
DA:623,1
DA:624,1
DA:625,1
DA:626,1
DA:627,1
DA:628,1
DA:629,1
DA:630,1
DA:631,1
DA:632,1
DA:633,1
DA:634,1
DA:635,1
DA:636,1
DA:637,1
DA:638,1
DA:639,1
DA:640,1
DA:641,1
DA:642,1
DA:643,1
DA:644,1
DA:645,1
DA:646,1
DA:647,1
DA:648,1
DA:649,1
DA:650,1
DA:651,1
DA:652,1
DA:653,1
DA:654,1
DA:655,1
DA:658,1
DA:659,1
DA:660,1
DA:661,1
DA:662,1
DA:663,1
DA:664,1
DA:665,1
DA:666,1
DA:667,1
DA:668,1
DA:669,1
DA:670,1
DA:671,1
DA:672,1
DA:673,1
DA:674,1
DA:675,1
DA:676,1
DA:677,1
DA:678,1
DA:679,1
DA:680,1
DA:681,1
DA:682,1
DA:683,1
DA:684,1
DA:685,1
DA:686,1
DA:687,1
DA:688,1
DA:689,1
DA:690,1
DA:691,1
DA:692,1
DA:693,1
DA:694,1
DA:695,1
DA:696,1
DA:697,1
DA:698,1
DA:699,1
DA:700,1
DA:701,1
DA:702,1
DA:705,1
DA:706,1
DA:707,1
DA:708,1
DA:709,1
DA:710,1
DA:711,1
DA:712,1
DA:713,1
DA:714,1
DA:715,1
DA:716,1
DA:717,1
DA:718,1
DA:719,1
DA:720,1
DA:721,1
DA:722,1
DA:723,1
DA:724,1
DA:725,1
DA:726,1
DA:727,1
DA:728,1
DA:729,1
DA:730,1
DA:731,1
DA:732,1
DA:733,1
DA:734,1
DA:735,1
DA:736,1
DA:739,1
DA:740,1
DA:741,1
DA:742,1
DA:743,1
DA:744,1
DA:745,1
DA:746,1
DA:747,1
DA:748,1
DA:749,1
DA:750,1
DA:751,1
DA:752,1
DA:753,1
DA:754,1
DA:755,1
DA:756,1
DA:757,1
DA:758,1
DA:759,1
DA:760,1
DA:761,1
DA:762,1
DA:763,1
DA:764,1
DA:765,1
DA:766,1
DA:767,1
DA:768,1
DA:769,1
DA:770,1
DA:771,1
DA:772,1
DA:773,1
DA:774,1
DA:775,1
DA:776,1
DA:777,1
DA:778,1
DA:779,1
DA:780,1
DA:781,1
DA:782,1
DA:783,1
DA:784,1
DA:785,1
DA:786,1
DA:787,1
DA:788,1
DA:789,1
LF:636
LH:621
BRF:26
BRH:25
FNF:47
FNH:36
end_of_record
SF:D:\proj\Helpm8\src\libraries\Helpm8.Core.Tests\InMemoryHelpProviderFixture.cs
FN:7,System.ValueTuple`2<Helpm8.IHelpProvider,System.Action> Helpm8.Core.Tests.InMemoryHelpProviderFixture::LoadThroughProvider(Helpm8.Core.Tests.HelpProviderFixtureBase/TestSection)
FNDA:0,System.ValueTuple`2<Helpm8.IHelpProvider,System.Action> Helpm8.Core.Tests.InMemoryHelpProviderFixture::LoadThroughProvider(Helpm8.Core.Tests.HelpProviderFixtureBase/TestSection)
DA:8,0
FN:10,System.Void Helpm8.Core.Tests.InMemoryHelpProviderFixture::Null_values_are_included_in_the_help()
FNDA:0,System.Void Helpm8.Core.Tests.InMemoryHelpProviderFixture::Null_values_are_included_in_the_help()
DA:11,0
DA:12,0
DA:13,0
LF:4
LH:0
BRF:0
BRH:0
FNF:2
FNH:0
end_of_record
SF:D:\proj\Helpm8\src\libraries\Helpm8.Json\JsonConfigurationFileParser.cs
FN:17,System.Collections.Generic.IDictionary`2<System.String,System.String> Helpm8.Json.JsonHelpFileParser::Parse(System.IO.Stream)
FNDA:12,System.Collections.Generic.IDictionary`2<System.String,System.String> Helpm8.Json.JsonHelpFileParser::Parse(System.IO.Stream)
DA:18,12
FN:20,System.Collections.Generic.IDictionary`2<System.String,System.String> Helpm8.Json.JsonHelpFileParser::ParseStream(System.IO.Stream)
FNDA:12,System.Collections.Generic.IDictionary`2<System.String,System.String> Helpm8.Json.JsonHelpFileParser::ParseStream(System.IO.Stream)
DA:21,12
DA:22,12
DA:24,12
DA:25,12
DA:26,12
DA:27,0
DA:28,0
DA:29,0
DA:31,12
DA:32,11
DA:34,11
DA:35,11
BRDA:26,35,0,0
BRDA:26,35,1,12
FN:37,System.Void Helpm8.Json.JsonHelpFileParser::VisitElement(Newtonsoft.Json.Linq.JObject)
FNDA:54,System.Void Helpm8.Json.JsonHelpFileParser::VisitElement(Newtonsoft.Json.Linq.JObject)
DA:38,54
DA:39,54
DA:41,351
DA:42,95
DA:43,95
DA:44,95
DA:45,95
DA:46,94
DA:47,94
DA:49,53
DA:50,2
DA:51,2
DA:52,2
DA:53,53
BRDA:41,68,1,95
BRDA:41,68,0,53
BRDA:49,84,0,2
BRDA:49,84,1,51
BRDA:49,105,0,2
BRDA:49,105,1,53
FN:55,System.Void Helpm8.Json.JsonHelpFileParser::VisitValue(Newtonsoft.Json.Linq.JToken)
FNDA:124,System.Void Helpm8.Json.JsonHelpFileParser::VisitValue(Newtonsoft.Json.Linq.JToken)
DA:56,124
DA:57,124
DA:59,124
DA:62,42
DA:63,42
DA:66,11
DA:67,91
DA:68,29
DA:69,29
DA:70,29
DA:71,29
DA:72,29
DA:73,29
DA:74,11
DA:78,71
DA:79,71
DA:80,1
DA:81,1
DA:82,1
DA:85,70
DA:86,70
DA:89,0
DA:91,123
BRDA:59,32,0,53
BRDA:59,36,0,11
BRDA:59,32,1,71
BRDA:59,51,0,7
BRDA:59,36,1,42
BRDA:59,42,1,11
BRDA:67,153,1,29
BRDA:67,153,0,11
BRDA:59,51,1,71
BRDA:59,58,1,71
BRDA:79,200,0,1
BRDA:79,200,1,70
BRDA:85,239,0,7
BRDA:85,239,1,70
BRDA:59,42,0,0
BRDA:59,58,0,0
FN:93,System.Void Helpm8.Json.JsonHelpFileParser::EnterContext(System.String)
FNDA:124,System.Void Helpm8.Json.JsonHelpFileParser::EnterContext(System.String)
DA:94,124
DA:95,124
DA:96,124
BRDA:94,18,0,35
BRDA:94,18,1,89
FN:97,System.Void Helpm8.Json.JsonHelpFileParser::ExitContext()
FNDA:123,System.Void Helpm8.Json.JsonHelpFileParser::ExitContext()
DA:98,123
FN:11,System.Void Helpm8.Json.JsonHelpFileParser::.ctor()
FNDA:36,System.Void Helpm8.Json.JsonHelpFileParser::.ctor()
DA:12,36
DA:14,12
DA:15,12
LF:57
LH:53
BRF:26
BRH:23
FNF:7
FNH:7
end_of_record
SF:D:\proj\Helpm8\src\libraries\Helpm8.Json\JsonHelpBuilderExtensions.cs
FN:16,Helpm8.IHelpBuilder Helpm8.Json.JsonHelpBuilderExtensions::AddJsonFile(Helpm8.IHelpBuilder,System.String)
FNDA:3,Helpm8.IHelpBuilder Helpm8.Json.JsonHelpBuilderExtensions::AddJsonFile(Helpm8.IHelpBuilder,System.String)
DA:17,3
DA:18,3
DA:19,1
FN:29,Helpm8.IHelpBuilder Helpm8.Json.JsonHelpBuilderExtensions::AddJsonFile(Helpm8.IHelpBuilder,System.String,System.Boolean)
FNDA:3,Helpm8.IHelpBuilder Helpm8.Json.JsonHelpBuilderExtensions::AddJsonFile(Helpm8.IHelpBuilder,System.String,System.Boolean)
DA:30,3
DA:31,3
DA:33,3
DA:34,2
DA:35,2
DA:38,1
DA:39,1
DA:40,1
DA:41,1
DA:42,1
DA:43,2
DA:44,1
BRDA:31,27,0,0
BRDA:31,27,1,3
BRDA:33,53,0,2
BRDA:33,53,1,1
FN:52,Helpm8.IHelpBuilder Helpm8.Json.JsonHelpBuilderExtensions::AddJsonFile(Helpm8.IHelpBuilder,System.Action`1<Helpm8.Json.JsonHelpSource>)
FNDA:1,Helpm8.IHelpBuilder Helpm8.Json.JsonHelpBuilderExtensions::AddJsonFile(Helpm8.IHelpBuilder,System.Action`1<Helpm8.Json.JsonHelpSource>)
DA:53,1
LF:16
LH:16
BRF:4
BRH:3
FNF:3
FNH:3
end_of_record
SF:D:\proj\Helpm8\src\libraries\Helpm8.Json\JsonHelpProvider.cs
FN:23,Helpm8.Json.JsonHelpSource Helpm8.Json.JsonHelpProvider::get_Source()
FNDA:40,Helpm8.Json.JsonHelpSource Helpm8.Json.JsonHelpProvider::get_Source()
DA:24,40
FN:26,System.Void Helpm8.Json.JsonHelpProvider::Load(System.IO.Stream)
FNDA:12,System.Void Helpm8.Json.JsonHelpProvider::Load(System.IO.Stream)
DA:27,12
DA:28,12
DA:29,11
FN:31,System.Void Helpm8.Json.JsonHelpProvider::Load()
FNDA:13,System.Void Helpm8.Json.JsonHelpProvider::Load()
DA:32,13
DA:33,13
DA:34,13
DA:35,13
DA:36,13
DA:37,12
DA:38,12
DA:39,12
DA:41,1
DA:42,1
DA:43,1
DA:44,1
DA:45,1
DA:46,1
DA:47,1
DA:48,1
DA:49,0
DA:50,12
DA:52,0
DA:72,0
DA:74,0
DA:75,0
DA:76,0
DA:77,0
DA:78,0
DA:79,0
DA:80,0
DA:81,0
DA:82,0
DA:83,12
BRDA:33,19,0,12
BRDA:33,19,1,13
BRDA:34,34,0,13
BRDA:34,34,1,0
BRDA:34,50,0,13
BRDA:36,69,0,12
BRDA:36,69,1,1
BRDA:44,126,0,0
BRDA:44,126,1,1
BRDA:44,149,0,1
BRDA:44,149,1,1
BRDA:34,50,1,0
FN:85,System.Void Helpm8.Json.JsonHelpProvider::HandleException(System.Runtime.ExceptionServices.ExceptionDispatchInfo)
FNDA:1,System.Void Helpm8.Json.JsonHelpProvider::HandleException(System.Runtime.ExceptionServices.ExceptionDispatchInfo)
DA:86,1
DA:87,1
DA:88,0
FN:53,System.IO.Stream Helpm8.Json.JsonHelpProvider::<Load>g__OpenRead|5_0(Helpm8.Json.IFileInfo)
FNDA:0,System.IO.Stream Helpm8.Json.JsonHelpProvider::<Load>g__OpenRead|5_0(Helpm8.Json.IFileInfo)
DA:54,0
DA:55,0
DA:56,0
DA:60,0
DA:61,0
DA:62,0
DA:63,0
DA:64,0
DA:65,0
DA:66,0
DA:69,0
DA:70,0
BRDA:55,12,0,0
BRDA:55,12,1,0
FN:18,System.Void Helpm8.Json.JsonHelpProvider::.ctor(Helpm8.Json.JsonHelpSource)
FNDA:13,System.Void Helpm8.Json.JsonHelpProvider::.ctor(Helpm8.Json.JsonHelpSource)
DA:19,13
DA:20,13
DA:21,13
DA:22,13
BRDA:21,11,0,0
BRDA:21,11,1,13
LF:53
LH:28
BRF:16
BRH:10
FNF:6
FNH:5
end_of_record
SF:D:\proj\Helpm8\src\libraries\Helpm8.Json\JsonHelpSource.cs
FN:11,Helpm8.IHelpProvider Helpm8.Json.JsonHelpSource::Build(Helpm8.IHelpBuilder)
FNDA:1,Helpm8.IHelpProvider Helpm8.Json.JsonHelpSource::Build(Helpm8.IHelpBuilder)
DA:12,1
DA:13,1
DA:14,1
FN:21,Helpm8.Json.IFileInfo Helpm8.Json.JsonHelpSource::GetFileInfo(System.String)
FNDA:13,Helpm8.Json.IFileInfo Helpm8.Json.JsonHelpSource::GetFileInfo(System.String)
DA:22,13
DA:23,13
DA:24,12
DA:25,12
DA:29,1
DA:32,1
DA:33,0
DA:34,0
DA:37,1
DA:38,1
DA:39,0
DA:40,0
DA:43,1
DA:45,1
DA:46,13
BRDA:23,7,0,1
BRDA:23,7,1,12
BRDA:23,20,0,12
BRDA:23,20,1,1
BRDA:32,55,0,0
BRDA:32,55,1,1
BRDA:38,83,0,0
BRDA:38,83,1,1
FN:50,System.String Helpm8.Json.JsonHelpSource::get_Root()
FNDA:3,System.String Helpm8.Json.JsonHelpSource::get_Root()
DA:51,3
FN:56,System.String Helpm8.Json.JsonHelpSource::get_FileName()
FNDA:15,System.String Helpm8.Json.JsonHelpSource::get_FileName()
DA:57,15
FN:61,System.Boolean Helpm8.Json.JsonHelpSource::get_Optional()
FNDA:26,System.Boolean Helpm8.Json.JsonHelpSource::get_Optional()
DA:62,26
FN:64,System.String Helpm8.Json.JsonHelpSource::GetFullPath(System.String)
FNDA:1,System.String Helpm8.Json.JsonHelpSource::GetFullPath(System.String)
DA:65,1
DA:66,1
DA:67,0
DA:68,0
DA:73,1
DA:74,1
DA:75,1
DA:76,0
DA:77,0
DA:78,0
DA:81,1
DA:82,0
DA:83,0
DA:86,1
DA:87,1
BRDA:66,9,0,0
BRDA:66,9,1,1
BRDA:81,57,0,0
BRDA:81,57,1,1
FN:89,System.Boolean Helpm8.Json.JsonHelpSource::IsUnderneathRoot(System.String)
FNDA:1,System.Boolean Helpm8.Json.JsonHelpSource::IsUnderneathRoot(System.String)
DA:90,1
DA:91,1
DA:92,1
FN:153,System.Boolean Helpm8.Json.NotFoundFileInfo::get_Exists()
FNDA:12,System.Boolean Helpm8.Json.NotFoundFileInfo::get_Exists()
DA:154,12
FN:158,System.Boolean Helpm8.Json.NotFoundFileInfo::get_IsDirectory()
FNDA:0,System.Boolean Helpm8.Json.NotFoundFileInfo::get_IsDirectory()
DA:159,0
FN:163,System.DateTimeOffset Helpm8.Json.NotFoundFileInfo::get_LastModified()
FNDA:0,System.DateTimeOffset Helpm8.Json.NotFoundFileInfo::get_LastModified()
DA:164,0
FN:168,System.Int64 Helpm8.Json.NotFoundFileInfo::get_Length()
FNDA:0,System.Int64 Helpm8.Json.NotFoundFileInfo::get_Length()
DA:169,0
FN:171,System.String Helpm8.Json.NotFoundFileInfo::get_Name()
FNDA:0,System.String Helpm8.Json.NotFoundFileInfo::get_Name()
DA:172,0
FN:176,System.String Helpm8.Json.NotFoundFileInfo::get_PhysicalPath()
FNDA:0,System.String Helpm8.Json.NotFoundFileInfo::get_PhysicalPath()
DA:177,0
FN:185,System.IO.Stream Helpm8.Json.NotFoundFileInfo::CreateReadStream()
FNDA:0,System.IO.Stream Helpm8.Json.NotFoundFileInfo::CreateReadStream()
DA:186,0
DA:187,0
FN:145,System.Void Helpm8.Json.NotFoundFileInfo::.ctor(System.String)
FNDA:12,System.Void Helpm8.Json.NotFoundFileInfo::.ctor(System.String)
DA:146,12
DA:147,12
DA:148,12
DA:149,12
FN:207,System.Boolean Helpm8.Json.PhysicalFileInfo::get_Exists()
FNDA:1,System.Boolean Helpm8.Json.PhysicalFileInfo::get_Exists()
DA:208,1
FN:210,System.Int64 Helpm8.Json.PhysicalFileInfo::get_Length()
FNDA:0,System.Int64 Helpm8.Json.PhysicalFileInfo::get_Length()
DA:211,0
FN:213,System.String Helpm8.Json.PhysicalFileInfo::get_PhysicalPath()
FNDA:2,System.String Helpm8.Json.PhysicalFileInfo::get_PhysicalPath()
DA:214,2
FN:216,System.String Helpm8.Json.PhysicalFileInfo::get_Name()
FNDA:0,System.String Helpm8.Json.PhysicalFileInfo::get_Name()
DA:217,0
FN:219,System.DateTimeOffset Helpm8.Json.PhysicalFileInfo::get_LastModified()
FNDA:0,System.DateTimeOffset Helpm8.Json.PhysicalFileInfo::get_LastModified()
DA:220,0
FN:224,System.Boolean Helpm8.Json.PhysicalFileInfo::get_IsDirectory()
FNDA:0,System.Boolean Helpm8.Json.PhysicalFileInfo::get_IsDirectory()
DA:225,0
FN:228,System.IO.Stream Helpm8.Json.PhysicalFileInfo::CreateReadStream()
FNDA:0,System.IO.Stream Helpm8.Json.PhysicalFileInfo::CreateReadStream()
DA:229,0
DA:232,0
DA:233,0
DA:234,0
DA:235,0
DA:236,0
DA:237,0
DA:238,0
DA:239,0
DA:240,0
FN:201,System.Void Helpm8.Json.PhysicalFileInfo::.ctor(System.IO.FileInfo)
FNDA:1,System.Void Helpm8.Json.PhysicalFileInfo::.ctor(System.IO.FileInfo)
DA:202,1
DA:203,1
DA:204,1
DA:205,1
FN:251,System.Boolean Helpm8.Json.PathUtils::HasInvalidPathChars(System.String)
FNDA:1,System.Boolean Helpm8.Json.PathUtils::HasInvalidPathChars(System.String)
DA:252,1
DA:253,1
DA:254,1
FN:257,System.Boolean Helpm8.Json.PathUtils::PathNavigatesAboveRoot(System.String)
FNDA:1,System.Boolean Helpm8.Json.PathUtils::PathNavigatesAboveRoot(System.String)
DA:258,1
DA:259,1
DA:260,1
DA:262,5
DA:263,1
DA:264,1
DA:265,0
DA:266,0
DA:268,1
DA:269,0
DA:270,0
DA:272,0
DA:273,0
DA:274,0
DA:276,0
DA:278,1
DA:279,1
DA:280,1
DA:281,1
DA:283,1
DA:284,1
BRDA:262,130,1,1
BRDA:264,48,0,1
BRDA:264,48,1,0
BRDA:264,69,0,0
BRDA:264,69,1,1
BRDA:268,90,0,0
BRDA:272,105,0,0
BRDA:272,105,1,0
BRDA:268,90,1,1
BRDA:262,130,0,1
FN:244,System.Void Helpm8.Json.PathUtils::.cctor()
FNDA:1,System.Void Helpm8.Json.PathUtils::.cctor()
DA:245,1
DA:246,42
DA:248,1
DA:249,1
BRDA:246,6,0,40
BRDA:246,6,1,1
LF:99
LH:59
BRF:24
BRH:15
FNF:26
FNH:15
end_of_record