SF:D:\proj\Helpm8\src\libraries\Helpm8.Core\ChainedBuilderExtensions.cs
FN:16,Helpm8.IHelpBuilder Helpm8.ChainedBuilderExtensions::AddHelp(Helpm8.IHelpBuilder,Helpm8.IHelp)
FNDA:6,Helpm8.IHelpBuilder Helpm8.ChainedBuilderExtensions::AddHelp(Helpm8.IHelpBuilder,Helpm8.IHelp)
DA:17,6
FN:26,Helpm8.IHelpBuilder Helpm8.ChainedBuilderExtensions::AddHelp(Helpm8.IHelpBuilder,Helpm8.IHelp,System.Boolean)
FNDA:8,Helpm8.IHelpBuilder Helpm8.ChainedBuilderExtensions::AddHelp(Helpm8.IHelpBuilder,Helpm8.IHelp,System.Boolean)
DA:27,8
DA:28,8
DA:29,8
DA:31,8
DA:32,8
DA:33,8
DA:34,8
DA:35,8
DA:36,8
DA:37,8
BRDA:28,7,0,0
BRDA:28,7,1,8
BRDA:29,26,0,0
BRDA:29,26,1,8
LF:11
LH:11
BRF:4
BRH:2
FNF:2
FNH:2
end_of_record
SF:D:\proj\Helpm8\src\libraries\Helpm8.Core\ChainedHelpProvider.cs
FN:28,Helpm8.IHelp Helpm8.ChainedHelpProvider::get_Help()
FNDA:3,Helpm8.IHelp Helpm8.ChainedHelpProvider::get_Help()
DA:29,3
FN:37,System.Boolean Helpm8.ChainedHelpProvider::TryGet(System.String,System.String&)
FNDA:41,System.Boolean Helpm8.ChainedHelpProvider::TryGet(System.String,System.String&)
DA:38,41
DA:39,41
DA:40,41
DA:41,41
FN:47,System.Void Helpm8.ChainedHelpProvider::Set(System.String,System.String)
FNDA:0,System.Void Helpm8.ChainedHelpProvider::Set(System.String,System.String)
DA:48,0
FN:52,System.Void Helpm8.ChainedHelpProvider::Load()
FNDA:16,System.Void Helpm8.ChainedHelpProvider::Load()
DA:53,16
FN:65,System.Collections.Generic.IEnumerable`1<System.String> Helpm8.ChainedHelpProvider::GetChildKeys(System.Collections.Generic.IEnumerable`1<System.String>,System.String)
FNDA:54,System.Collections.Generic.IEnumerable`1<System.String> Helpm8.ChainedHelpProvider::GetChildKeys(System.Collections.Generic.IEnumerable`1<System.String>,System.String)
DA:66,54
DA:67,54
DA:68,54
DA:69,4226
DA:70,2032
DA:71,2032
DA:72,2032
DA:73,54
DA:74,54
DA:75,54
DA:76,54
BRDA:67,2,0,48
BRDA:67,2,1,6
BRDA:69,78,1,2032
BRDA:69,78,0,54
FN:79,System.Void Helpm8.ChainedHelpProvider::Dispose()
FNDA:2,System.Void Helpm8.ChainedHelpProvider::Dispose()
DA:80,2
DA:81,2
DA:82,1
DA:83,1
DA:84,1
DA:85,2
BRDA:81,9,0,1
BRDA:83,24,0,0
BRDA:83,24,1,1
BRDA:81,9,1,2
FN:17,System.Void Helpm8.ChainedHelpProvider::.ctor(Helpm8.ChainedHelpSource)
FNDA:12,System.Void Helpm8.ChainedHelpProvider::.ctor(Helpm8.ChainedHelpSource)
DA:18,12
DA:19,12
DA:20,12
DA:22,12
DA:23,12
DA:24,12
BRDA:20,14,0,0
BRDA:20,14,1,12
BRDA:22,35,0,0
BRDA:22,35,1,12
LF:30
LH:29
BRF:12
BRH:9
FNF:7
FNH:6
end_of_record
SF:D:\proj\Helpm8\src\libraries\Helpm8.Core\ChainedHelpSource.cs
FN:13,Helpm8.IHelp Helpm8.ChainedHelpSource::get_Help()
FNDA:24,Helpm8.IHelp Helpm8.ChainedHelpSource::get_Help()
DA:14,24
FN:19,System.Boolean Helpm8.ChainedHelpSource::get_ShouldDisposeHelp()
FNDA:24,System.Boolean Helpm8.ChainedHelpSource::get_ShouldDisposeHelp()
DA:20,24
FN:27,Helpm8.IHelpProvider Helpm8.ChainedHelpSource::Build(Helpm8.IHelpBuilder)
FNDA:10,Helpm8.IHelpProvider Helpm8.ChainedHelpSource::Build(Helpm8.IHelpBuilder)
DA:28,10
LF:3
LH:3
BRF:0
BRH:0
FNF:3
FNH:3
end_of_record
SF:D:\proj\Helpm8\src\libraries\Helpm8.Core\HelpBuilder.cs
FN:8,Helpm8.IHelpBuilder Helpm8.HelpBuilder::Add(Helpm8.IHelpSource)
FNDA:53,Helpm8.IHelpBuilder Helpm8.HelpBuilder::Add(Helpm8.IHelpSource)
DA:9,53
DA:10,53
DA:12,53
DA:13,53
DA:14,53
BRDA:10,7,0,0
BRDA:10,7,1,53
FN:15,System.Collections.Generic.IList`1<Helpm8.IHelpSource> Helpm8.HelpBuilder::get_Sources()
FNDA:119,System.Collections.Generic.IList`1<Helpm8.IHelpSource> Helpm8.HelpBuilder::get_Sources()
DA:16,119
FN:18,Helpm8.IHelpRoot Helpm8.HelpBuilder::Build()
FNDA:30,Helpm8.IHelpRoot Helpm8.HelpBuilder::Build()
DA:19,30
DA:20,30
DA:21,196
DA:22,53
DA:23,53
DA:24,53
DA:25,53
DA:27,30
DA:28,30
BRDA:21,53,1,53
BRDA:21,53,0,30
LF:15
LH:15
BRF:4
BRH:3
FNF:3
FNH:3
end_of_record
SF:D:\proj\Helpm8\src\libraries\Helpm8.Core\HelpBuilderExtensions.cs
FN:13,Helpm8.IHelpBuilder Helpm8.HelpBuilderExtensions::Add(Helpm8.IHelpBuilder,System.Action`1<TSource>)
FNDA:0,Helpm8.IHelpBuilder Helpm8.HelpBuilderExtensions::Add(Helpm8.IHelpBuilder,System.Action`1<TSource>)
DA:14,0
DA:15,0
DA:16,0
DA:17,0
DA:18,0
BRDA:16,8,1,0
BRDA:16,8,0,0
LF:5
LH:0
BRF:2
BRH:0
FNF:1
FNH:0
end_of_record
SF:D:\proj\Helpm8\src\libraries\Helpm8.Core\HelpDebugViewContext.cs
FN:19,System.String Helpm8.HelpDebugViewContext::get_Path()
FNDA:0,System.String Helpm8.HelpDebugViewContext::get_Path()
DA:20,0
FN:24,System.String Helpm8.HelpDebugViewContext::get_Key()
FNDA:0,System.String Helpm8.HelpDebugViewContext::get_Key()
DA:25,0
FN:29,System.String Helpm8.HelpDebugViewContext::get_Value()
FNDA:0,System.String Helpm8.HelpDebugViewContext::get_Value()
DA:30,0
FN:34,Helpm8.IHelpProvider Helpm8.HelpDebugViewContext::get_HelpProvider()
FNDA:0,Helpm8.IHelpProvider Helpm8.HelpDebugViewContext::get_HelpProvider()
DA:35,0
FN:9,System.Void Helpm8.HelpDebugViewContext::.ctor(System.String,System.String,System.String,Helpm8.IHelpProvider)
FNDA:0,System.Void Helpm8.HelpDebugViewContext::.ctor(System.String,System.String,System.String,Helpm8.IHelpProvider)
DA:10,0
DA:11,0
DA:12,0
DA:13,0
DA:14,0
DA:15,0
LF:10
LH:0
BRF:0
BRH:0
FNF:5
FNH:0
end_of_record
SF:D:\proj\Helpm8\src\libraries\Helpm8.Core\HelpExtensions.cs
FN:13,System.Collections.Generic.IEnumerable`1<System.Collections.Generic.KeyValuePair`2<System.String,System.String>> Helpm8.HelpExtensions::AsEnumerable(Helpm8.IHelp)
FNDA:2,System.Collections.Generic.IEnumerable`1<System.Collections.Generic.KeyValuePair`2<System.String,System.String>> Helpm8.HelpExtensions::AsEnumerable(Helpm8.IHelp)
DA:14,2
FN:47,System.Boolean Helpm8.HelpExtensions::Exists(Helpm8.IHelpSection)
FNDA:19,System.Boolean Helpm8.HelpExtensions::Exists(Helpm8.IHelpSection)
DA:48,19
DA:49,19
DA:50,1
DA:51,1
DA:53,18
DA:54,19
BRDA:49,7,0,1
BRDA:49,7,1,18
BRDA:53,20,0,10
BRDA:53,20,1,8
FN:22,System.Boolean Helpm8.HelpExtensions/<AsEnumerable>d__1::MoveNext()
FNDA:16,System.Boolean Helpm8.HelpExtensions/<AsEnumerable>d__1::MoveNext()
DA:23,16
DA:24,16
DA:25,16
DA:26,16
DA:27,154
DA:28,138
DA:29,138
DA:31,138
DA:32,122
DA:33,122
DA:34,122
DA:35,658
DA:36,122
DA:37,122
DA:38,122
DA:39,138
DA:40,16
BRDA:26,71,0,10
BRDA:26,71,1,10
BRDA:26,96,0,10
BRDA:26,96,1,6
BRDA:27,412,1,138
BRDA:31,170,0,128
BRDA:31,178,0,76
BRDA:31,178,1,52
BRDA:31,170,1,10
BRDA:31,205,0,122
BRDA:31,205,1,138
BRDA:35,349,1,122
BRDA:35,349,0,138
BRDA:27,412,0,16
LF:24
LH:24
BRF:18
BRH:18
FNF:3
FNH:3
end_of_record
SF:D:\proj\Helpm8\src\libraries\Helpm8.Core\HelpKeyComparer.cs
FN:15,Helpm8.HelpKeyComparer Helpm8.HelpKeyComparer::get_Instance()
FNDA:57,Helpm8.HelpKeyComparer Helpm8.HelpKeyComparer::get_Instance()
DA:16,57
FN:18,System.Comparison`1<System.String> Helpm8.HelpKeyComparer::get_Comparison()
FNDA:728,System.Comparison`1<System.String> Helpm8.HelpKeyComparer::get_Comparison()
DA:19,728
FN:27,System.Int32 Helpm8.HelpKeyComparer::Compare(System.String,System.String)
FNDA:28803,System.Int32 Helpm8.HelpKeyComparer::Compare(System.String,System.String)
DA:28,28803
DA:29,28803
DA:30,28803
DA:32,28803
DA:33,28803
DA:36,29216
DA:37,28676
DA:38,28676
DA:39,28676
DA:41,28676
DA:42,28676
DA:43,28676
DA:45,28676
DA:46,28263
DA:47,28263
DA:50,413
DA:51,413
DA:52,413
DA:53,413
DA:54,413
DA:56,540
DA:96,28803
BRDA:36,201,1,28676
BRDA:41,55,0,38
BRDA:41,55,1,28638
BRDA:41,71,0,36
BRDA:41,71,1,28640
BRDA:45,101,0,28263
BRDA:45,101,1,413
BRDA:50,112,0,30
BRDA:50,112,1,383
BRDA:52,144,0,30
BRDA:52,144,1,383
BRDA:36,182,0,28684
BRDA:36,182,1,532
BRDA:36,201,0,540
BRDA:56,213,0,8
BRDA:56,213,1,532
BRDA:56,225,0,144
BRDA:56,225,1,388
FN:58,System.ReadOnlySpan`1<System.Char> Helpm8.HelpKeyComparer::<Compare>g__SkipAheadOnDelimiter|7_0(System.ReadOnlySpan`1<System.Char>)
FNDA:57666,System.ReadOnlySpan`1<System.Char> Helpm8.HelpKeyComparer::<Compare>g__SkipAheadOnDelimiter|7_0(System.ReadOnlySpan`1<System.Char>)
DA:59,57666
DA:60,57677
DA:61,11
DA:62,11
DA:63,11
DA:64,57666
DA:65,57666
BRDA:60,42,1,11
BRDA:60,22,0,57515
BRDA:60,22,1,162
BRDA:60,42,0,57666
FN:67,System.Int32 Helpm8.HelpKeyComparer::<Compare>g__Compare|7_1(System.ReadOnlySpan`1<System.Char>,System.ReadOnlySpan`1<System.Char>)
FNDA:28676,System.Int32 Helpm8.HelpKeyComparer::<Compare>g__Compare|7_1(System.ReadOnlySpan`1<System.Char>,System.ReadOnlySpan`1<System.Char>)
DA:68,28676
DA:73,28676
DA:74,28676
DA:78,28676
DA:79,14713
DA:81,14713
DA:82,14713
DA:83,13963
DA:84,13951
DA:86,13951
DA:87,13951
DA:89,12
DA:91,12
DA:92,12
DA:94,28676
DA:95,28676
BRDA:78,44,0,14719
BRDA:78,44,1,13957
BRDA:78,57,0,14713
BRDA:78,57,1,13963
BRDA:83,80,0,13951
BRDA:83,80,1,12
BRDA:91,93,0,6
BRDA:91,93,1,6
LF:47
LH:47
BRF:30
BRH:30
FNF:5
FNH:5
end_of_record
SF:D:\proj\Helpm8\src\libraries\Helpm8.Core\HelpManager.cs
FN:25,System.String Helpm8.HelpManager::get_Item(System.String)
FNDA:137,System.String Helpm8.HelpManager::get_Item(System.String)
DA:26,137
DA:27,137
DA:28,137
DA:29,137
FN:30,System.Void Helpm8.HelpManager::set_Item(System.String,System.String)
FNDA:7,System.Void Helpm8.HelpManager::set_Item(System.String,System.String)
DA:31,7
DA:32,7
DA:33,7
DA:34,12
FN:37,System.Collections.Generic.IList`1<Helpm8.IHelpSource> Helpm8.HelpManager::get_Sources()
FNDA:15,System.Collections.Generic.IList`1<Helpm8.IHelpSource> Helpm8.HelpManager::get_Sources()
DA:38,15
FN:39,System.Collections.Generic.IEnumerable`1<Helpm8.IHelpProvider> Helpm8.HelpManager::get_Providers()
FNDA:41,System.Collections.Generic.IEnumerable`1<Helpm8.IHelpProvider> Helpm8.HelpManager::get_Providers()
DA:40,41
FN:41,Helpm8.IHelpSection Helpm8.HelpManager::GetSection(System.String)
FNDA:136,Helpm8.IHelpSection Helpm8.HelpManager::GetSection(System.String)
DA:42,136
FN:43,System.Collections.Generic.IEnumerable`1<Helpm8.IHelpSection> Helpm8.HelpManager::GetChildren()
FNDA:12,System.Collections.Generic.IEnumerable`1<Helpm8.IHelpSection> Helpm8.HelpManager::GetChildren()
DA:44,12
FN:46,System.Void Helpm8.HelpManager::Dispose()
FNDA:5,System.Void Helpm8.HelpManager::Dispose()
DA:47,5
DA:48,5
DA:49,5
FN:51,Helpm8.IHelpBuilder Helpm8.HelpManager::Helpm8.IHelpBuilder.Add(Helpm8.IHelpSource)
FNDA:70,Helpm8.IHelpBuilder Helpm8.HelpManager::Helpm8.IHelpBuilder.Add(Helpm8.IHelpSource)
DA:52,70
DA:53,70
DA:55,70
DA:56,69
DA:57,69
BRDA:53,7,0,0
BRDA:53,7,1,70
FN:58,Helpm8.IHelpRoot Helpm8.HelpManager::Helpm8.IHelpBuilder.Build()
FNDA:2,Helpm8.IHelpRoot Helpm8.HelpManager::Helpm8.IHelpBuilder.Build()
DA:59,2
FN:61,System.Void Helpm8.HelpManager::Helpm8.IHelpRoot.Load()
FNDA:0,System.Void Helpm8.HelpManager::Helpm8.IHelpRoot.Load()
DA:62,0
DA:63,0
DA:64,0
DA:65,0
DA:66,0
DA:67,0
DA:68,0
BRDA:64,52,1,0
BRDA:64,52,0,0
FN:69,Helpm8.ReferenceCountedProviders Helpm8.HelpManager::GetProvidersReference()
FNDA:118,Helpm8.ReferenceCountedProviders Helpm8.HelpManager::GetProvidersReference()
DA:70,118
FN:73,System.Void Helpm8.HelpManager::AddSource(Helpm8.IHelpSource)
FNDA:111,System.Void Helpm8.HelpManager::AddSource(Helpm8.IHelpSource)
DA:74,111
DA:75,111
DA:77,111
DA:78,111
DA:79,110
FN:82,System.Void Helpm8.HelpManager::ReloadSources()
FNDA:9,System.Void Helpm8.HelpManager::ReloadSources()
DA:83,9
DA:84,9
DA:86,45
DA:87,9
DA:88,9
DA:89,9
DA:91,45
DA:92,9
DA:93,9
DA:94,9
DA:96,9
DA:97,8
BRDA:86,51,1,9
BRDA:86,51,0,9
BRDA:91,102,1,9
BRDA:91,102,0,9
FN:10,System.Void Helpm8.HelpManager::.ctor()
FNDA:41,System.Void Helpm8.HelpManager::.ctor()
DA:11,41
DA:13,41
DA:14,41
DA:15,41
DA:16,41
DA:17,41
DA:18,41
DA:19,41
DA:20,41
FN:108,System.Int32 Helpm8.HelpManager/HelpSources::get_Count()
FNDA:0,System.Int32 Helpm8.HelpManager/HelpSources::get_Count()
DA:109,0
FN:110,System.Boolean Helpm8.HelpManager/HelpSources::get_IsReadOnly()
FNDA:0,System.Boolean Helpm8.HelpManager/HelpSources::get_IsReadOnly()
DA:111,0
FN:114,Helpm8.IHelpSource Helpm8.HelpManager/HelpSources::get_Item(System.Int32)
FNDA:0,Helpm8.IHelpSource Helpm8.HelpManager/HelpSources::get_Item(System.Int32)
DA:115,0
FN:116,System.Void Helpm8.HelpManager/HelpSources::set_Item(System.Int32,Helpm8.IHelpSource)
FNDA:0,System.Void Helpm8.HelpManager/HelpSources::set_Item(System.Int32,Helpm8.IHelpSource)
DA:117,0
DA:118,0
DA:119,0
DA:120,0
FN:123,System.Collections.Generic.IEnumerator`1<Helpm8.IHelpSource> Helpm8.HelpManager/HelpSources::GetEnumerator()
FNDA:12,System.Collections.Generic.IEnumerator`1<Helpm8.IHelpSource> Helpm8.HelpManager/HelpSources::GetEnumerator()
DA:124,12
DA:125,12
DA:126,12
FN:128,System.Int32 Helpm8.HelpManager/HelpSources::IndexOf(Helpm8.IHelpSource)
FNDA:0,System.Int32 Helpm8.HelpManager/HelpSources::IndexOf(Helpm8.IHelpSource)
DA:129,0
DA:130,0
DA:131,0
FN:133,System.Void Helpm8.HelpManager/HelpSources::Add(Helpm8.IHelpSource)
FNDA:111,System.Void Helpm8.HelpManager/HelpSources::Add(Helpm8.IHelpSource)
DA:134,111
DA:135,111
DA:136,111
DA:137,110
FN:139,System.Void Helpm8.HelpManager/HelpSources::Insert(System.Int32,Helpm8.IHelpSource)
FNDA:0,System.Void Helpm8.HelpManager/HelpSources::Insert(System.Int32,Helpm8.IHelpSource)
DA:140,0
DA:141,0
DA:142,0
DA:143,0
FN:145,System.Boolean Helpm8.HelpManager/HelpSources::Contains(Helpm8.IHelpSource)
FNDA:5,System.Boolean Helpm8.HelpManager/HelpSources::Contains(Helpm8.IHelpSource)
DA:146,5
DA:147,5
DA:148,5
FN:150,System.Void Helpm8.HelpManager/HelpSources::CopyTo(Helpm8.IHelpSource[],System.Int32)
FNDA:0,System.Void Helpm8.HelpManager/HelpSources::CopyTo(Helpm8.IHelpSource[],System.Int32)
DA:151,0
DA:152,0
DA:153,0
FN:155,System.Boolean Helpm8.HelpManager/HelpSources::Remove(Helpm8.IHelpSource)
FNDA:2,System.Boolean Helpm8.HelpManager/HelpSources::Remove(Helpm8.IHelpSource)
DA:156,2
DA:157,2
DA:158,2
DA:159,2
DA:160,2
FN:162,System.Void Helpm8.HelpManager/HelpSources::RemoveAt(System.Int32)
FNDA:0,System.Void Helpm8.HelpManager/HelpSources::RemoveAt(System.Int32)
DA:163,0
DA:164,0
DA:165,0
DA:166,0
FN:168,System.Void Helpm8.HelpManager/HelpSources::Clear()
FNDA:7,System.Void Helpm8.HelpManager/HelpSources::Clear()
DA:169,7
DA:170,7
DA:171,7
DA:172,6
FN:174,System.Collections.IEnumerator Helpm8.HelpManager/HelpSources::System.Collections.IEnumerable.GetEnumerator()
FNDA:1,System.Collections.IEnumerator Helpm8.HelpManager/HelpSources::System.Collections.IEnumerable.GetEnumerator()
DA:175,1
DA:176,1
DA:177,1
FN:100,System.Void Helpm8.HelpManager/HelpSources::.ctor(Helpm8.HelpManager)
FNDA:41,System.Void Helpm8.HelpManager/HelpSources::.ctor(Helpm8.HelpManager)
DA:101,41
DA:104,41
DA:105,41
DA:106,41
DA:107,41
LF:103
LH:75
BRF:8
BRH:5
FNF:29
FNH:20
end_of_record
SF:D:\proj\Helpm8\src\libraries\Helpm8.Core\HelpPath.cs
FN:22,System.String Helpm8.HelpPath::Combine(System.String[])
FNDA:420,System.String Helpm8.HelpPath::Combine(System.String[])
DA:23,420
DA:24,420
DA:26,420
DA:27,420
BRDA:24,7,0,0
BRDA:24,7,1,420
FN:34,System.String Helpm8.HelpPath::Combine(System.Collections.Generic.IEnumerable`1<System.String>)
FNDA:0,System.String Helpm8.HelpPath::Combine(System.Collections.Generic.IEnumerable`1<System.String>)
DA:35,0
DA:36,0
DA:38,0
DA:39,0
BRDA:36,7,0,0
BRDA:36,7,1,0
FN:47,System.String Helpm8.HelpPath::GetSectionKey(System.String)
FNDA:2169,System.String Helpm8.HelpPath::GetSectionKey(System.String)
DA:48,2169
DA:49,2169
DA:50,5
DA:51,5
DA:54,2164
DA:55,2164
DA:56,2169
BRDA:49,9,0,5
BRDA:49,9,1,2164
BRDA:55,31,0,123
BRDA:55,31,1,2041
FN:63,System.String Helpm8.HelpPath::GetParentPath(System.String)
FNDA:9,System.String Helpm8.HelpPath::GetParentPath(System.String)
DA:64,9
DA:65,9
DA:66,2
DA:67,2
DA:70,7
DA:71,7
DA:72,9
BRDA:65,9,0,2
BRDA:65,9,1,7
BRDA:71,31,0,6
BRDA:71,31,1,1
FN:14,System.Void Helpm8.HelpPath::.cctor()
FNDA:1,System.Void Helpm8.HelpPath::.cctor()
DA:15,1
LF:23
LH:19
BRF:12
BRH:9
FNF:5
FNH:4
end_of_record
SF:D:\proj\Helpm8\src\libraries\Helpm8.Core\HelpProvider.cs
FN:22,System.Collections.Generic.IDictionary`2<System.String,System.String> Helpm8.HelpProvider::get_Data()
FNDA:4111,System.Collections.Generic.IDictionary`2<System.String,System.String> Helpm8.HelpProvider::get_Data()
DA:23,4111
FN:31,System.Boolean Helpm8.HelpProvider::TryGet(System.String,System.String&)
FNDA:924,System.Boolean Helpm8.HelpProvider::TryGet(System.String,System.String&)
DA:32,924
FN:39,System.Void Helpm8.HelpProvider::Set(System.String,System.String)
FNDA:18,System.Void Helpm8.HelpProvider::Set(System.String,System.String)
DA:40,18
FN:45,System.Void Helpm8.HelpProvider::Load()
FNDA:364,System.Void Helpm8.HelpProvider::Load()
DA:46,364
FN:56,System.Collections.Generic.IEnumerable`1<System.String> Helpm8.HelpProvider::GetChildKeys(System.Collections.Generic.IEnumerable`1<System.String>,System.String)
FNDA:673,System.Collections.Generic.IEnumerable`1<System.String> Helpm8.HelpProvider::GetChildKeys(System.Collections.Generic.IEnumerable`1<System.String>,System.String)
DA:57,673
DA:58,673
DA:60,673
DA:61,66
DA:62,4592
DA:63,2197
DA:64,2197
DA:65,2197
DA:66,66
DA:68,607
DA:69,607
DA:71,6025
DA:72,2102
DA:73,2102
DA:74,2102
DA:75,2102
DA:76,332
DA:77,332
DA:78,332
DA:79,2102
DA:80,607
DA:82,673
DA:83,673
DA:84,673
DA:85,673
BRDA:60,13,0,66
BRDA:62,66,1,2197
BRDA:62,66,0,66
BRDA:60,13,1,607
BRDA:71,239,1,2102
BRDA:73,153,0,952
BRDA:73,169,0,401
BRDA:73,153,1,1701
BRDA:73,169,1,1701
BRDA:73,200,0,332
BRDA:73,200,1,2102
BRDA:71,239,0,607
FN:87,System.String Helpm8.HelpProvider::Segment(System.String,System.Int32)
FNDA:2529,System.String Helpm8.HelpProvider::Segment(System.String,System.Int32)
DA:88,2529
DA:89,2529
DA:90,2529
DA:91,2529
BRDA:90,17,0,300
BRDA:90,17,1,2229
FN:96,System.String Helpm8.HelpProvider::ToString()
FNDA:8,System.String Helpm8.HelpProvider::ToString()
DA:97,8
BRDA:97,12,0,0
BRDA:97,12,1,8
FN:14,System.Void Helpm8.HelpProvider::.ctor()
FNDA:178,System.Void Helpm8.HelpProvider::.ctor()
DA:15,178
DA:16,178
DA:17,178
DA:18,178
LF:38
LH:38
BRF:16
BRH:15
FNF:8
FNH:8
end_of_record
SF:D:\proj\Helpm8\src\libraries\Helpm8.Core\HelpRoot.cs
FN:17,System.String Helpm8.HelpRoot::get_Item(System.String)
FNDA:473,System.String Helpm8.HelpRoot::get_Item(System.String)
DA:18,473
FN:18,System.Void Helpm8.HelpRoot::set_Item(System.String,System.String)
FNDA:3,System.Void Helpm8.HelpRoot::set_Item(System.String,System.String)
DA:19,3
FN:21,System.Collections.Generic.IEnumerable`1<Helpm8.IHelpProvider> Helpm8.HelpRoot::get_Providers()
FNDA:195,System.Collections.Generic.IEnumerable`1<Helpm8.IHelpProvider> Helpm8.HelpRoot::get_Providers()
DA:22,195
FN:23,Helpm8.IHelpSection Helpm8.HelpRoot::GetSection(System.String)
FNDA:2307,Helpm8.IHelpSection Helpm8.HelpRoot::GetSection(System.String)
DA:24,2307
FN:25,System.Collections.Generic.IEnumerable`1<Helpm8.IHelpSection> Helpm8.HelpRoot::GetChildren()
FNDA:22,System.Collections.Generic.IEnumerable`1<Helpm8.IHelpSection> Helpm8.HelpRoot::GetChildren()
DA:26,22
FN:28,System.Void Helpm8.HelpRoot::Load()
FNDA:42,System.Void Helpm8.HelpRoot::Load()
DA:29,42
DA:30,268
DA:31,71
DA:32,71
DA:33,71
DA:34,42
BRDA:30,38,1,71
BRDA:30,38,0,42
FN:37,System.Void Helpm8.HelpRoot::Dispose()
FNDA:1,System.Void Helpm8.HelpRoot::Dispose()
DA:38,1
DA:39,5
DA:40,1
DA:41,1
DA:42,1
DA:43,1
BRDA:39,49,1,1
BRDA:41,31,0,0
BRDA:41,31,1,1
BRDA:39,49,0,1
FN:45,System.String Helpm8.HelpRoot::GetHelp(System.Collections.Generic.IList`1<Helpm8.IHelpProvider>,System.String)
FNDA:610,System.String Helpm8.HelpRoot::GetHelp(System.Collections.Generic.IList`1<Helpm8.IHelpProvider>,System.String)
DA:46,610
DA:47,2132
DA:48,940
DA:49,940
DA:51,940
DA:52,484
DA:53,484
DA:55,456
DA:57,126
DA:58,610
BRDA:47,56,1,940
BRDA:51,32,0,484
BRDA:51,32,1,456
BRDA:47,56,0,126
FN:60,System.Void Helpm8.HelpRoot::SetHelp(System.Collections.Generic.IList`1<Helpm8.IHelpProvider>,System.String,System.String)
FNDA:10,System.Void Helpm8.HelpRoot::SetHelp(System.Collections.Generic.IList`1<Helpm8.IHelpProvider>,System.String,System.String)
DA:61,10
DA:62,10
DA:63,2
DA:64,2
DA:67,60
DA:68,18
DA:69,18
DA:70,18
DA:71,8
BRDA:62,12,0,2
BRDA:62,12,1,8
BRDA:67,60,1,18
BRDA:67,60,0,8
FN:9,System.Void Helpm8.HelpRoot::.ctor(System.Collections.Generic.IList`1<Helpm8.IHelpProvider>)
FNDA:42,System.Void Helpm8.HelpRoot::.ctor(System.Collections.Generic.IList`1<Helpm8.IHelpProvider>)
DA:10,42
DA:11,42
DA:12,42
DA:13,42
DA:14,42
BRDA:12,11,0,0
BRDA:12,11,1,42
LF:41
LH:41
BRF:16
BRH:14
FNF:10
FNH:10
end_of_record
SF:D:\proj\Helpm8\src\libraries\Helpm8.Core\HelpRootExtensions.cs
FN:17,System.String Helpm8.HelpRootExtensions::GetDebugView(Helpm8.IHelpRoot)
FNDA:1,System.String Helpm8.HelpRootExtensions::GetDebugView(Helpm8.IHelpRoot)
DA:18,1
DA:19,1
DA:20,1
FN:33,System.String Helpm8.HelpRootExtensions::GetDebugView(Helpm8.IHelpRoot,System.Func`2<Helpm8.HelpDebugViewContext,System.String>)
FNDA:1,System.String Helpm8.HelpRootExtensions::GetDebugView(Helpm8.IHelpRoot,System.Func`2<Helpm8.HelpDebugViewContext,System.String>)
DA:34,1
DA:72,1
DA:74,1
DA:76,1
DA:77,1
FN:79,System.Collections.Generic.IEnumerable`1<Helpm8.IHelpSection> Helpm8.HelpRootExtensions::GetChildrenImplementation(Helpm8.IHelpRoot,System.String)
FNDA:297,System.Collections.Generic.IEnumerable`1<Helpm8.IHelpSection> Helpm8.HelpRootExtensions::GetChildrenImplementation(Helpm8.IHelpRoot,System.String)
DA:80,297
DA:81,297
DA:82,297
DA:84,297
DA:85,297
DA:86,725
DA:87,297
DA:88,2595
DA:90,297
DA:91,179
DA:92,179
DA:95,118
DA:97,118
DA:99,297
BRDA:81,33,0,179
BRDA:81,33,1,118
BRDA:82,46,0,179
BRDA:82,46,1,118
BRDA:82,62,0,179
BRDA:82,62,1,297
BRDA:90,136,0,179
BRDA:90,136,1,118
BRDA:88,12,0,229
BRDA:88,12,1,2069
FN:103,System.ValueTuple`2<System.String,Helpm8.IHelpProvider> Helpm8.HelpRootExtensions::GetValueAndProvider(Helpm8.IHelpRoot,System.String)
FNDA:12,System.ValueTuple`2<System.String,Helpm8.IHelpProvider> Helpm8.HelpRootExtensions::GetValueAndProvider(Helpm8.IHelpRoot,System.String)
DA:104,12
DA:105,53
DA:106,12
DA:107,12
DA:108,7
DA:109,7
DA:111,5
DA:113,5
DA:114,12
BRDA:105,61,1,12
BRDA:107,40,0,7
BRDA:107,40,1,5
BRDA:105,61,0,5
FN:38,System.Void Helpm8.HelpRootExtensions::<GetDebugView>g__RecurseChildren|1_0(System.Text.StringBuilder,System.Collections.Generic.IEnumerable`1<Helpm8.IHelpSection>,System.String,Helpm8.HelpRootExtensions/<>c__DisplayClass1_0&)
FNDA:13,System.Void Helpm8.HelpRootExtensions::<GetDebugView>g__RecurseChildren|1_0(System.Text.StringBuilder,System.Collections.Generic.IEnumerable`1<Helpm8.IHelpSection>,System.String,Helpm8.HelpRootExtensions/<>c__DisplayClass1_0&)
DA:39,13
DA:40,63
DA:41,12
DA:42,12
DA:44,12
DA:45,7
DA:46,7
DA:47,7
DA:48,7
DA:49,7
DA:51,7
DA:52,7
DA:53,7
DA:54,7
DA:55,7
DA:56,7
DA:57,7
DA:58,7
DA:59,7
DA:61,5
DA:62,5
DA:63,5
DA:64,5
DA:65,5
DA:66,5
DA:68,12
DA:69,12
DA:70,13
BRDA:40,242,1,12
BRDA:44,51,0,7
BRDA:46,60,0,7
BRDA:46,60,1,0
BRDA:44,51,1,5
BRDA:40,242,0,13
LF:59
LH:59
BRF:20
BRH:19
FNF:5
FNH:5
end_of_record
SF:D:\proj\Helpm8\src\libraries\Helpm8.Core\HelpSection.cs
FN:20,System.String Helpm8.HelpSection::get_Item(System.String)
FNDA:164,System.String Helpm8.HelpSection::get_Item(System.String)
DA:21,164
DA:22,164
DA:23,164
FN:24,System.Void Helpm8.HelpSection::set_Item(System.String,System.String)
FNDA:0,System.Void Helpm8.HelpSection::set_Item(System.String,System.String)
DA:25,0
DA:26,0
DA:27,0
FN:29,Helpm8.IHelpSection Helpm8.HelpSection::GetSection(System.String)
FNDA:24,Helpm8.IHelpSection Helpm8.HelpSection::GetSection(System.String)
DA:30,24
FN:31,System.Collections.Generic.IEnumerable`1<Helpm8.IHelpSection> Helpm8.HelpSection::GetChildren()
FNDA:263,System.Collections.Generic.IEnumerable`1<Helpm8.IHelpSection> Helpm8.HelpSection::GetChildren()
DA:32,263
FN:35,System.String Helpm8.HelpSection::get_Key()
FNDA:6516,System.String Helpm8.HelpSection::get_Key()
DA:36,6516
BRDA:36,8,0,2160
BRDA:36,8,1,2172
FN:38,System.String Helpm8.HelpSection::get_Path()
FNDA:1043,System.String Helpm8.HelpSection::get_Path()
DA:39,1043
FN:43,System.String Helpm8.HelpSection::get_Value()
FNDA:300,System.String Helpm8.HelpSection::get_Value()
DA:44,300
DA:45,300
DA:46,300
FN:47,System.Void Helpm8.HelpSection::set_Value(System.String)
FNDA:0,System.Void Helpm8.HelpSection::set_Value(System.String)
DA:48,0
DA:49,0
DA:50,0
FN:11,System.Void Helpm8.HelpSection::.ctor(Helpm8.IHelpRoot,System.String)
FNDA:2443,System.Void Helpm8.HelpSection::.ctor(Helpm8.IHelpRoot,System.String)
DA:12,2443
DA:13,2443
DA:14,2443
DA:15,2443
DA:16,2443
BRDA:14,11,0,0
BRDA:14,11,1,2443
BRDA:15,33,0,0
BRDA:15,33,1,2443
LF:21
LH:15
BRF:6
BRH:4
FNF:9
FNH:7
end_of_record
SF:D:\proj\Helpm8\src\libraries\Helpm8.Core\InMemoryHelpBuilderExtensions.cs
FN:17,Helpm8.IHelpBuilder Helpm8.InMemoryHelpBuilderExtensions::AddInMemoryCollection(Helpm8.IHelpBuilder)
FNDA:1,Helpm8.IHelpBuilder Helpm8.InMemoryHelpBuilderExtensions::AddInMemoryCollection(Helpm8.IHelpBuilder)
DA:18,1
DA:19,1
DA:21,1
DA:22,0
DA:23,0
BRDA:19,7,0,0
BRDA:19,7,1,1
FN:33,Helpm8.IHelpBuilder Helpm8.InMemoryHelpBuilderExtensions::AddInMemoryCollection(Helpm8.IHelpBuilder,System.Collections.Generic.IEnumerable`1<System.Collections.Generic.KeyValuePair`2<System.String,System.String>>)
FNDA:25,Helpm8.IHelpBuilder Helpm8.InMemoryHelpBuilderExtensions::AddInMemoryCollection(Helpm8.IHelpBuilder,System.Collections.Generic.IEnumerable`1<System.Collections.Generic.KeyValuePair`2<System.String,System.String>>)
DA:34,25
DA:35,25
DA:37,25
DA:38,25
DA:39,25
BRDA:35,7,0,0
BRDA:35,7,1,25
LF:10
LH:8
BRF:4
BRH:2
FNF:2
FNH:2
end_of_record
SF:D:\proj\Helpm8\src\libraries\Helpm8.Core\ReferenceCountedProviderManager.cs
FN:11,System.Collections.Generic.IEnumerable`1<Helpm8.IHelpProvider> Helpm8.ReferenceCountedProviderManager::get_NonReferenceCountedProviders()
FNDA:0,System.Collections.Generic.IEnumerable`1<Helpm8.IHelpProvider> Helpm8.ReferenceCountedProviderManager::get_NonReferenceCountedProviders()
DA:12,0
FN:14,Helpm8.ReferenceCountedProviders Helpm8.ReferenceCountedProviderManager::GetReference()
FNDA:262,Helpm8.ReferenceCountedProviders Helpm8.ReferenceCountedProviderManager::GetReference()
DA:15,262
DA:18,262
DA:19,262
DA:20,262
DA:21,3
DA:25,3
DA:28,259
DA:29,259
DA:31,262
BRDA:20,28,0,3
BRDA:20,28,1,259
FN:33,System.Void Helpm8.ReferenceCountedProviderManager::AddProvider(Helpm8.IHelpProvider)
FNDA:111,System.Void Helpm8.ReferenceCountedProviderManager::AddProvider(Helpm8.IHelpProvider)
DA:34,111
DA:35,111
DA:36,111
DA:37,111
DA:38,1
DA:39,1
DA:43,110
DA:44,110
DA:45,110
DA:46,110
DA:47,110
DA:48,110
BRDA:37,28,0,1
BRDA:37,28,1,110
FN:51,System.Void Helpm8.ReferenceCountedProviderManager::ReplaceProviders(System.Collections.Generic.List`1<Helpm8.IHelpProvider>)
FNDA:9,System.Void Helpm8.ReferenceCountedProviderManager::ReplaceProviders(System.Collections.Generic.List`1<Helpm8.IHelpProvider>)
DA:52,9
DA:53,9
DA:55,9
DA:56,9
DA:57,9
DA:58,1
DA:59,1
DA:62,8
DA:63,8
DA:68,8
DA:69,8
BRDA:57,35,0,1
BRDA:57,35,1,8
FN:71,System.Void Helpm8.ReferenceCountedProviderManager::Dispose()
FNDA:5,System.Void Helpm8.ReferenceCountedProviderManager::Dispose()
DA:72,5
DA:73,5
DA:77,5
DA:78,5
DA:79,5
DA:80,5
DA:83,5
DA:84,5
FN:7,System.Void Helpm8.ReferenceCountedProviderManager::.ctor()
FNDA:41,System.Void Helpm8.ReferenceCountedProviderManager::.ctor()
DA:8,41
DA:9,41
LF:43
LH:42
BRF:6
BRH:6
FNF:6
FNH:5
end_of_record
SF:D:\proj\Helpm8\src\libraries\Helpm8.Core\ReferenceCountedProviders.cs
FN:10,Helpm8.ReferenceCountedProviders Helpm8.ReferenceCountedProviders::Create(System.Collections.Generic.List`1<Helpm8.IHelpProvider>)
FNDA:49,Helpm8.ReferenceCountedProviders Helpm8.ReferenceCountedProviders::Create(System.Collections.Generic.List`1<Helpm8.IHelpProvider>)
DA:11,49
FN:15,Helpm8.ReferenceCountedProviders Helpm8.ReferenceCountedProviders::CreateDisposed(System.Collections.Generic.List`1<Helpm8.IHelpProvider>)
FNDA:3,Helpm8.ReferenceCountedProviders Helpm8.ReferenceCountedProviders::CreateDisposed(System.Collections.Generic.List`1<Helpm8.IHelpProvider>)
DA:16,3
FN:43,System.Collections.Generic.List`1<Helpm8.IHelpProvider> Helpm8.ReferenceCountedProviders/ActiveReferenceCountedProviders::get_Providers()
FNDA:369,System.Collections.Generic.List`1<Helpm8.IHelpProvider> Helpm8.ReferenceCountedProviders/ActiveReferenceCountedProviders::get_Providers()
DA:44,369
DA:45,369
DA:46,369
DA:47,369
FN:48,System.Void Helpm8.ReferenceCountedProviders/ActiveReferenceCountedProviders::set_Providers(System.Collections.Generic.List`1<Helpm8.IHelpProvider>)
FNDA:110,System.Void Helpm8.ReferenceCountedProviders/ActiveReferenceCountedProviders::set_Providers(System.Collections.Generic.List`1<Helpm8.IHelpProvider>)
DA:49,110
DA:50,110
DA:51,110
DA:52,110
FN:54,System.Collections.Generic.List`1<Helpm8.IHelpProvider> Helpm8.ReferenceCountedProviders/ActiveReferenceCountedProviders::get_NonReferenceCountedProviders()
FNDA:3,System.Collections.Generic.List`1<Helpm8.IHelpProvider> Helpm8.ReferenceCountedProviders/ActiveReferenceCountedProviders::get_NonReferenceCountedProviders()
DA:55,3
FN:57,System.Void Helpm8.ReferenceCountedProviders/ActiveReferenceCountedProviders::AddReference()
FNDA:259,System.Void Helpm8.ReferenceCountedProviders/ActiveReferenceCountedProviders::AddReference()
DA:58,259
DA:60,259
DA:61,259
DA:62,259
FN:64,System.Void Helpm8.ReferenceCountedProviders/ActiveReferenceCountedProviders::Dispose()
FNDA:272,System.Void Helpm8.ReferenceCountedProviders/ActiveReferenceCountedProviders::Dispose()
DA:65,272
DA:66,272
DA:67,13
DA:68,113
DA:69,37
DA:70,37
DA:71,37
DA:72,13
DA:73,272
BRDA:66,18,0,13
BRDA:68,73,1,37
BRDA:70,54,0,23
BRDA:70,54,1,14
BRDA:68,73,0,13
BRDA:66,18,1,272
FN:30,System.Void Helpm8.ReferenceCountedProviders/ActiveReferenceCountedProviders::.ctor(System.Collections.Generic.List`1<Helpm8.IHelpProvider>)
FNDA:49,System.Void Helpm8.ReferenceCountedProviders/ActiveReferenceCountedProviders::.ctor(System.Collections.Generic.List`1<Helpm8.IHelpProvider>)
DA:31,49
DA:36,49
DA:37,49
DA:38,49
DA:39,49
FN:82,System.Collections.Generic.List`1<Helpm8.IHelpProvider> Helpm8.ReferenceCountedProviders/DisposedReferenceCountedProviders::get_Providers()
FNDA:6,System.Collections.Generic.List`1<Helpm8.IHelpProvider> Helpm8.ReferenceCountedProviders/DisposedReferenceCountedProviders::get_Providers()
DA:83,6
FN:83,System.Collections.Generic.List`1<Helpm8.IHelpProvider> Helpm8.ReferenceCountedProviders/DisposedReferenceCountedProviders::get_NonReferenceCountedProviders()
FNDA:0,System.Collections.Generic.List`1<Helpm8.IHelpProvider> Helpm8.ReferenceCountedProviders/DisposedReferenceCountedProviders::get_NonReferenceCountedProviders()
DA:84,0
FN:85,System.Void Helpm8.ReferenceCountedProviders/DisposedReferenceCountedProviders::AddReference()
FNDA:0,System.Void Helpm8.ReferenceCountedProviders/DisposedReferenceCountedProviders::AddReference()
DA:86,0
FN:86,System.Void Helpm8.ReferenceCountedProviders/DisposedReferenceCountedProviders::Dispose()
FNDA:6,System.Void Helpm8.ReferenceCountedProviders/DisposedReferenceCountedProviders::Dispose()
DA:87,6
FN:77,System.Void Helpm8.ReferenceCountedProviders/DisposedReferenceCountedProviders::.ctor(System.Collections.Generic.List`1<Helpm8.IHelpProvider>)
FNDA:3,System.Void Helpm8.ReferenceCountedProviders/DisposedReferenceCountedProviders::.ctor(System.Collections.Generic.List`1<Helpm8.IHelpProvider>)
DA:78,3
DA:79,3
DA:80,3
DA:81,3
LF:37
LH:35
BRF:6
BRH:6
FNF:13
FNH:11
end_of_record
SF:D:\proj\Helpm8\src\libraries\Helpm8.Core\InMemoryHelpProvider.cs
FN:35,System.Void Helpm8.InMemory.InMemoryHelpProvider::Add(System.String,System.String)
FNDA:0,System.Void Helpm8.InMemory.InMemoryHelpProvider::Add(System.String,System.String)
DA:36,0
DA:37,0
DA:38,0
FN:44,System.Collections.Generic.IEnumerator`1<System.Collections.Generic.KeyValuePair`2<System.String,System.String>> Helpm8.InMemory.InMemoryHelpProvider::GetEnumerator()
FNDA:0,System.Collections.Generic.IEnumerator`1<System.Collections.Generic.KeyValuePair`2<System.String,System.String>> Helpm8.InMemory.InMemoryHelpProvider::GetEnumerator()
DA:45,0
DA:46,0
DA:47,0
FN:53,System.Collections.IEnumerator Helpm8.InMemory.InMemoryHelpProvider::System.Collections.IEnumerable.GetEnumerator()
FNDA:0,System.Collections.IEnumerator Helpm8.InMemory.InMemoryHelpProvider::System.Collections.IEnumerable.GetEnumerator()
DA:54,0
DA:55,0
DA:56,0
FN:16,System.Void Helpm8.InMemory.InMemoryHelpProvider::.ctor(Helpm8.InMemory.InMemoryHelpSource)
FNDA:161,System.Void Helpm8.InMemory.InMemoryHelpProvider::.ctor(Helpm8.InMemory.InMemoryHelpSource)
DA:17,161
DA:18,161
DA:19,161
DA:21,161
DA:22,117
DA:23,4959
DA:24,2305
DA:25,2305
DA:26,2303
DA:27,115
DA:28,159
BRDA:19,14,0,0
BRDA:19,14,1,161
BRDA:21,38,0,117
BRDA:23,97,1,2305
BRDA:23,97,0,115
BRDA:21,38,1,159
LF:20
LH:11
BRF:6
BRH:5
FNF:4
FNH:1
end_of_record
SF:D:\proj\Helpm8\src\libraries\Helpm8.Core\InMemoryHelpSource.cs
FN:13,System.Collections.Generic.IEnumerable`1<System.Collections.Generic.KeyValuePair`2<System.String,System.String>> Helpm8.InMemory.InMemoryHelpSource::get_InitialData()
FNDA:395,System.Collections.Generic.IEnumerable`1<System.Collections.Generic.KeyValuePair`2<System.String,System.String>> Helpm8.InMemory.InMemoryHelpSource::get_InitialData()
DA:14,395
FN:22,Helpm8.IHelpProvider Helpm8.InMemory.InMemoryHelpSource::Build(Helpm8.IHelpBuilder)
FNDA:138,Helpm8.IHelpProvider Helpm8.InMemory.InMemoryHelpSource::Build(Helpm8.IHelpBuilder)
DA:23,138
DA:24,138
DA:25,138
LF:4
LH:4
BRF:0
BRH:0
FNF:2
FNH:2
end_of_record